
*** Running vivado
    with args -log base_wrapper.vds -m64 -product Vivado -mode batch -messageDb vivado.pb -notrace -source base_wrapper.tcl



****** Vivado v2020.2 (64-bit)
  **** SW Build 3064766 on Wed Nov 18 09:12:45 MST 2020
  **** IP Build 3064653 on Wed Nov 18 14:17:31 MST 2020
    ** Copyright 1986-2020 Xilinx, Inc. All Rights Reserved.

source base_wrapper.tcl -notrace
CRITICAL WARNING: [Common 17-1355] You are suppressing all messages of type 'WARNING'. You may potentially disregard important DRC, CDC, and implementation messages that can negatively impact your design.  If this is not desired, please run 'reset_msg_config -suppress -severity {WARNING}' to undo this change.
CRITICAL WARNING: [Common 17-1355] You are suppressing all messages of type 'CRITICAL WARNING'. You may potentially disregard important DRC, CDC, and implementation messages that can negatively impact your design.  If this is not desired, please run 'reset_msg_config -suppress -severity {CRITICAL WARNING}' to undo this change.
---------------------------------------------------------------------------------
Starting RTL Elaboration : Time (s): cpu = 00:00:01 ; elapsed = 00:00:02 . Memory (MB): peak = 1226.578 ; gain = 80.770
---------------------------------------------------------------------------------
---------------------------------------------------------------------------------
Finished RTL Elaboration : Time (s): cpu = 00:00:01 ; elapsed = 00:00:03 . Memory (MB): peak = 1312.309 ; gain = 166.500
---------------------------------------------------------------------------------
Finished Handling Custom Attributes : Time (s): cpu = 00:00:01 ; elapsed = 00:00:04 . Memory (MB): peak = 1312.309 ; gain = 166.500
Finished RTL Optimization Phase 1 : Time (s): cpu = 00:00:01 ; elapsed = 00:00:04 . Memory (MB): peak = 1312.309 ; gain = 166.500
Netlist sorting complete. Time (s): cpu = 00:00:00 ; elapsed = 00:00:00.111 . Memory (MB): peak = 1312.309 ; gain = 0.000
Netlist sorting complete. Time (s): cpu = 00:00:00 ; elapsed = 00:00:00 . Memory (MB): peak = 1367.043 ; gain = 0.000
Constraint Validation Runtime : Time (s): cpu = 00:00:00 ; elapsed = 00:00:00.011 . Memory (MB): peak = 1367.043 ; gain = 0.000
Finished Constraint Validation : Time (s): cpu = 00:00:04 ; elapsed = 00:00:10 . Memory (MB): peak = 1367.047 ; gain = 221.238
Finished Loading Part and Timing Information : Time (s): cpu = 00:00:04 ; elapsed = 00:00:10 . Memory (MB): peak = 1367.047 ; gain = 221.238
Applied set_property IO_BUFFER_TYPE = NONE for hdmi_in_clk_n. (constraint file  d:/ESD/ESD_CP/PYNQ-image_v2.7/PYNQ-image_v2.7/boards/Pynq-Z2/base/reduced_version/reduced_version.gen/sources_1/bd/base/ip/base_dvi2rgb_0_0/base_dvi2rgb_0_0/base_dvi2rgb_0_0_in_context.xdc, line 2).
Applied set_property CLOCK_BUFFER_TYPE = NONE for hdmi_in_clk_n. (constraint file  d:/ESD/ESD_CP/PYNQ-image_v2.7/PYNQ-image_v2.7/boards/Pynq-Z2/base/reduced_version/reduced_version.gen/sources_1/bd/base/ip/base_dvi2rgb_0_0/base_dvi2rgb_0_0/base_dvi2rgb_0_0_in_context.xdc, line 3).
Applied set_property IO_BUFFER_TYPE = NONE for hdmi_in_clk_p. (constraint file  d:/ESD/ESD_CP/PYNQ-image_v2.7/PYNQ-image_v2.7/boards/Pynq-Z2/base/reduced_version/reduced_version.gen/sources_1/bd/base/ip/base_dvi2rgb_0_0/base_dvi2rgb_0_0/base_dvi2rgb_0_0_in_context.xdc, line 4).
Applied set_property CLOCK_BUFFER_TYPE = NONE for hdmi_in_clk_p. (constraint file  d:/ESD/ESD_CP/PYNQ-image_v2.7/PYNQ-image_v2.7/boards/Pynq-Z2/base/reduced_version/reduced_version.gen/sources_1/bd/base/ip/base_dvi2rgb_0_0/base_dvi2rgb_0_0/base_dvi2rgb_0_0_in_context.xdc, line 5).
Applied set_property IO_BUFFER_TYPE = NONE for hdmi_in_data_n[0]. (constraint file  d:/ESD/ESD_CP/PYNQ-image_v2.7/PYNQ-image_v2.7/boards/Pynq-Z2/base/reduced_version/reduced_version.gen/sources_1/bd/base/ip/base_dvi2rgb_0_0/base_dvi2rgb_0_0/base_dvi2rgb_0_0_in_context.xdc, line 6).
Applied set_property CLOCK_BUFFER_TYPE = NONE for hdmi_in_data_n[0]. (constraint file  d:/ESD/ESD_CP/PYNQ-image_v2.7/PYNQ-image_v2.7/boards/Pynq-Z2/base/reduced_version/reduced_version.gen/sources_1/bd/base/ip/base_dvi2rgb_0_0/base_dvi2rgb_0_0/base_dvi2rgb_0_0_in_context.xdc, line 7).
Applied set_property IO_BUFFER_TYPE = NONE for hdmi_in_data_n[1]. (constraint file  d:/ESD/ESD_CP/PYNQ-image_v2.7/PYNQ-image_v2.7/boards/Pynq-Z2/base/reduced_version/reduced_version.gen/sources_1/bd/base/ip/base_dvi2rgb_0_0/base_dvi2rgb_0_0/base_dvi2rgb_0_0_in_context.xdc, line 8).
Applied set_property CLOCK_BUFFER_TYPE = NONE for hdmi_in_data_n[1]. (constraint file  d:/ESD/ESD_CP/PYNQ-image_v2.7/PYNQ-image_v2.7/boards/Pynq-Z2/base/reduced_version/reduced_version.gen/sources_1/bd/base/ip/base_dvi2rgb_0_0/base_dvi2rgb_0_0/base_dvi2rgb_0_0_in_context.xdc, line 9).
Applied set_property IO_BUFFER_TYPE = NONE for hdmi_in_data_n[2]. (constraint file  d:/ESD/ESD_CP/PYNQ-image_v2.7/PYNQ-image_v2.7/boards/Pynq-Z2/base/reduced_version/reduced_version.gen/sources_1/bd/base/ip/base_dvi2rgb_0_0/base_dvi2rgb_0_0/base_dvi2rgb_0_0_in_context.xdc, line 10).
Applied set_property CLOCK_BUFFER_TYPE = NONE for hdmi_in_data_n[2]. (constraint file  d:/ESD/ESD_CP/PYNQ-image_v2.7/PYNQ-image_v2.7/boards/Pynq-Z2/base/reduced_version/reduced_version.gen/sources_1/bd/base/ip/base_dvi2rgb_0_0/base_dvi2rgb_0_0/base_dvi2rgb_0_0_in_context.xdc, line 11).
Applied set_property IO_BUFFER_TYPE = NONE for hdmi_in_data_p[0]. (constraint file  d:/ESD/ESD_CP/PYNQ-image_v2.7/PYNQ-image_v2.7/boards/Pynq-Z2/base/reduced_version/reduced_version.gen/sources_1/bd/base/ip/base_dvi2rgb_0_0/base_dvi2rgb_0_0/base_dvi2rgb_0_0_in_context.xdc, line 12).
Applied set_property CLOCK_BUFFER_TYPE = NONE for hdmi_in_data_p[0]. (constraint file  d:/ESD/ESD_CP/PYNQ-image_v2.7/PYNQ-image_v2.7/boards/Pynq-Z2/base/reduced_version/reduced_version.gen/sources_1/bd/base/ip/base_dvi2rgb_0_0/base_dvi2rgb_0_0/base_dvi2rgb_0_0_in_context.xdc, line 13).
Applied set_property IO_BUFFER_TYPE = NONE for hdmi_in_data_p[1]. (constraint file  d:/ESD/ESD_CP/PYNQ-image_v2.7/PYNQ-image_v2.7/boards/Pynq-Z2/base/reduced_version/reduced_version.gen/sources_1/bd/base/ip/base_dvi2rgb_0_0/base_dvi2rgb_0_0/base_dvi2rgb_0_0_in_context.xdc, line 14).
Applied set_property CLOCK_BUFFER_TYPE = NONE for hdmi_in_data_p[1]. (constraint file  d:/ESD/ESD_CP/PYNQ-image_v2.7/PYNQ-image_v2.7/boards/Pynq-Z2/base/reduced_version/reduced_version.gen/sources_1/bd/base/ip/base_dvi2rgb_0_0/base_dvi2rgb_0_0/base_dvi2rgb_0_0_in_context.xdc, line 15).
Applied set_property IO_BUFFER_TYPE = NONE for hdmi_in_data_p[2]. (constraint file  d:/ESD/ESD_CP/PYNQ-image_v2.7/PYNQ-image_v2.7/boards/Pynq-Z2/base/reduced_version/reduced_version.gen/sources_1/bd/base/ip/base_dvi2rgb_0_0/base_dvi2rgb_0_0/base_dvi2rgb_0_0_in_context.xdc, line 16).
Applied set_property CLOCK_BUFFER_TYPE = NONE for hdmi_in_data_p[2]. (constraint file  d:/ESD/ESD_CP/PYNQ-image_v2.7/PYNQ-image_v2.7/boards/Pynq-Z2/base/reduced_version/reduced_version.gen/sources_1/bd/base/ip/base_dvi2rgb_0_0/base_dvi2rgb_0_0/base_dvi2rgb_0_0_in_context.xdc, line 17).
Applied set_property IO_BUFFER_TYPE = NONE for hdmi_out_clk_n. (constraint file  d:/ESD/ESD_CP/PYNQ-image_v2.7/PYNQ-image_v2.7/boards/Pynq-Z2/base/reduced_version/reduced_version.gen/sources_1/bd/base/ip/base_rgb2dvi_0_0/base_rgb2dvi_0_0/base_rgb2dvi_0_0_in_context.xdc, line 2).
Applied set_property CLOCK_BUFFER_TYPE = NONE for hdmi_out_clk_n. (constraint file  d:/ESD/ESD_CP/PYNQ-image_v2.7/PYNQ-image_v2.7/boards/Pynq-Z2/base/reduced_version/reduced_version.gen/sources_1/bd/base/ip/base_rgb2dvi_0_0/base_rgb2dvi_0_0/base_rgb2dvi_0_0_in_context.xdc, line 3).
Applied set_property IO_BUFFER_TYPE = NONE for hdmi_out_clk_p. (constraint file  d:/ESD/ESD_CP/PYNQ-image_v2.7/PYNQ-image_v2.7/boards/Pynq-Z2/base/reduced_version/reduced_version.gen/sources_1/bd/base/ip/base_rgb2dvi_0_0/base_rgb2dvi_0_0/base_rgb2dvi_0_0_in_context.xdc, line 4).
Applied set_property CLOCK_BUFFER_TYPE = NONE for hdmi_out_clk_p. (constraint file  d:/ESD/ESD_CP/PYNQ-image_v2.7/PYNQ-image_v2.7/boards/Pynq-Z2/base/reduced_version/reduced_version.gen/sources_1/bd/base/ip/base_rgb2dvi_0_0/base_rgb2dvi_0_0/base_rgb2dvi_0_0_in_context.xdc, line 5).
Applied set_property IO_BUFFER_TYPE = NONE for hdmi_out_data_n[0]. (constraint file  d:/ESD/ESD_CP/PYNQ-image_v2.7/PYNQ-image_v2.7/boards/Pynq-Z2/base/reduced_version/reduced_version.gen/sources_1/bd/base/ip/base_rgb2dvi_0_0/base_rgb2dvi_0_0/base_rgb2dvi_0_0_in_context.xdc, line 6).
Applied set_property CLOCK_BUFFER_TYPE = NONE for hdmi_out_data_n[0]. (constraint file  d:/ESD/ESD_CP/PYNQ-image_v2.7/PYNQ-image_v2.7/boards/Pynq-Z2/base/reduced_version/reduced_version.gen/sources_1/bd/base/ip/base_rgb2dvi_0_0/base_rgb2dvi_0_0/base_rgb2dvi_0_0_in_context.xdc, line 7).
Applied set_property IO_BUFFER_TYPE = NONE for hdmi_out_data_n[1]. (constraint file  d:/ESD/ESD_CP/PYNQ-image_v2.7/PYNQ-image_v2.7/boards/Pynq-Z2/base/reduced_version/reduced_version.gen/sources_1/bd/base/ip/base_rgb2dvi_0_0/base_rgb2dvi_0_0/base_rgb2dvi_0_0_in_context.xdc, line 8).
Applied set_property CLOCK_BUFFER_TYPE = NONE for hdmi_out_data_n[1]. (constraint file  d:/ESD/ESD_CP/PYNQ-image_v2.7/PYNQ-image_v2.7/boards/Pynq-Z2/base/reduced_version/reduced_version.gen/sources_1/bd/base/ip/base_rgb2dvi_0_0/base_rgb2dvi_0_0/base_rgb2dvi_0_0_in_context.xdc, line 9).
Applied set_property IO_BUFFER_TYPE = NONE for hdmi_out_data_n[2]. (constraint file  d:/ESD/ESD_CP/PYNQ-image_v2.7/PYNQ-image_v2.7/boards/Pynq-Z2/base/reduced_version/reduced_version.gen/sources_1/bd/base/ip/base_rgb2dvi_0_0/base_rgb2dvi_0_0/base_rgb2dvi_0_0_in_context.xdc, line 10).
Applied set_property CLOCK_BUFFER_TYPE = NONE for hdmi_out_data_n[2]. (constraint file  d:/ESD/ESD_CP/PYNQ-image_v2.7/PYNQ-image_v2.7/boards/Pynq-Z2/base/reduced_version/reduced_version.gen/sources_1/bd/base/ip/base_rgb2dvi_0_0/base_rgb2dvi_0_0/base_rgb2dvi_0_0_in_context.xdc, line 11).
Applied set_property IO_BUFFER_TYPE = NONE for hdmi_out_data_p[0]. (constraint file  d:/ESD/ESD_CP/PYNQ-image_v2.7/PYNQ-image_v2.7/boards/Pynq-Z2/base/reduced_version/reduced_version.gen/sources_1/bd/base/ip/base_rgb2dvi_0_0/base_rgb2dvi_0_0/base_rgb2dvi_0_0_in_context.xdc, line 12).
Applied set_property CLOCK_BUFFER_TYPE = NONE for hdmi_out_data_p[0]. (constraint file  d:/ESD/ESD_CP/PYNQ-image_v2.7/PYNQ-image_v2.7/boards/Pynq-Z2/base/reduced_version/reduced_version.gen/sources_1/bd/base/ip/base_rgb2dvi_0_0/base_rgb2dvi_0_0/base_rgb2dvi_0_0_in_context.xdc, line 13).
Applied set_property IO_BUFFER_TYPE = NONE for hdmi_out_data_p[1]. (constraint file  d:/ESD/ESD_CP/PYNQ-image_v2.7/PYNQ-image_v2.7/boards/Pynq-Z2/base/reduced_version/reduced_version.gen/sources_1/bd/base/ip/base_rgb2dvi_0_0/base_rgb2dvi_0_0/base_rgb2dvi_0_0_in_context.xdc, line 14).
Applied set_property CLOCK_BUFFER_TYPE = NONE for hdmi_out_data_p[1]. (constraint file  d:/ESD/ESD_CP/PYNQ-image_v2.7/PYNQ-image_v2.7/boards/Pynq-Z2/base/reduced_version/reduced_version.gen/sources_1/bd/base/ip/base_rgb2dvi_0_0/base_rgb2dvi_0_0/base_rgb2dvi_0_0_in_context.xdc, line 15).
Applied set_property IO_BUFFER_TYPE = NONE for hdmi_out_data_p[2]. (constraint file  d:/ESD/ESD_CP/PYNQ-image_v2.7/PYNQ-image_v2.7/boards/Pynq-Z2/base/reduced_version/reduced_version.gen/sources_1/bd/base/ip/base_rgb2dvi_0_0/base_rgb2dvi_0_0/base_rgb2dvi_0_0_in_context.xdc, line 16).
Applied set_property CLOCK_BUFFER_TYPE = NONE for hdmi_out_data_p[2]. (constraint file  d:/ESD/ESD_CP/PYNQ-image_v2.7/PYNQ-image_v2.7/boards/Pynq-Z2/base/reduced_version/reduced_version.gen/sources_1/bd/base/ip/base_rgb2dvi_0_0/base_rgb2dvi_0_0/base_rgb2dvi_0_0_in_context.xdc, line 17).
Applied set_property IO_BUFFER_TYPE = NONE for DDR_addr[0]. (constraint file  d:/ESD/ESD_CP/PYNQ-image_v2.7/PYNQ-image_v2.7/boards/Pynq-Z2/base/reduced_version/reduced_version.gen/sources_1/bd/base/ip/base_ps7_0_0/base_ps7_0_0/base_ps7_0_0_in_context.xdc, line 4).
Applied set_property CLOCK_BUFFER_TYPE = NONE for DDR_addr[0]. (constraint file  d:/ESD/ESD_CP/PYNQ-image_v2.7/PYNQ-image_v2.7/boards/Pynq-Z2/base/reduced_version/reduced_version.gen/sources_1/bd/base/ip/base_ps7_0_0/base_ps7_0_0/base_ps7_0_0_in_context.xdc, line 5).
Applied set_property IO_BUFFER_TYPE = NONE for DDR_addr[10]. (constraint file  d:/ESD/ESD_CP/PYNQ-image_v2.7/PYNQ-image_v2.7/boards/Pynq-Z2/base/reduced_version/reduced_version.gen/sources_1/bd/base/ip/base_ps7_0_0/base_ps7_0_0/base_ps7_0_0_in_context.xdc, line 6).
Applied set_property CLOCK_BUFFER_TYPE = NONE for DDR_addr[10]. (constraint file  d:/ESD/ESD_CP/PYNQ-image_v2.7/PYNQ-image_v2.7/boards/Pynq-Z2/base/reduced_version/reduced_version.gen/sources_1/bd/base/ip/base_ps7_0_0/base_ps7_0_0/base_ps7_0_0_in_context.xdc, line 7).
Applied set_property IO_BUFFER_TYPE = NONE for DDR_addr[11]. (constraint file  d:/ESD/ESD_CP/PYNQ-image_v2.7/PYNQ-image_v2.7/boards/Pynq-Z2/base/reduced_version/reduced_version.gen/sources_1/bd/base/ip/base_ps7_0_0/base_ps7_0_0/base_ps7_0_0_in_context.xdc, line 8).
Applied set_property CLOCK_BUFFER_TYPE = NONE for DDR_addr[11]. (constraint file  d:/ESD/ESD_CP/PYNQ-image_v2.7/PYNQ-image_v2.7/boards/Pynq-Z2/base/reduced_version/reduced_version.gen/sources_1/bd/base/ip/base_ps7_0_0/base_ps7_0_0/base_ps7_0_0_in_context.xdc, line 9).
Applied set_property IO_BUFFER_TYPE = NONE for DDR_addr[12]. (constraint file  d:/ESD/ESD_CP/PYNQ-image_v2.7/PYNQ-image_v2.7/boards/Pynq-Z2/base/reduced_version/reduced_version.gen/sources_1/bd/base/ip/base_ps7_0_0/base_ps7_0_0/base_ps7_0_0_in_context.xdc, line 10).
Applied set_property CLOCK_BUFFER_TYPE = NONE for DDR_addr[12]. (constraint file  d:/ESD/ESD_CP/PYNQ-image_v2.7/PYNQ-image_v2.7/boards/Pynq-Z2/base/reduced_version/reduced_version.gen/sources_1/bd/base/ip/base_ps7_0_0/base_ps7_0_0/base_ps7_0_0_in_context.xdc, line 11).
Applied set_property IO_BUFFER_TYPE = NONE for DDR_addr[13]. (constraint file  d:/ESD/ESD_CP/PYNQ-image_v2.7/PYNQ-image_v2.7/boards/Pynq-Z2/base/reduced_version/reduced_version.gen/sources_1/bd/base/ip/base_ps7_0_0/base_ps7_0_0/base_ps7_0_0_in_context.xdc, line 12).
Applied set_property CLOCK_BUFFER_TYPE = NONE for DDR_addr[13]. (constraint file  d:/ESD/ESD_CP/PYNQ-image_v2.7/PYNQ-image_v2.7/boards/Pynq-Z2/base/reduced_version/reduced_version.gen/sources_1/bd/base/ip/base_ps7_0_0/base_ps7_0_0/base_ps7_0_0_in_context.xdc, line 13).
Applied set_property IO_BUFFER_TYPE = NONE for DDR_addr[14]. (constraint file  d:/ESD/ESD_CP/PYNQ-image_v2.7/PYNQ-image_v2.7/boards/Pynq-Z2/base/reduced_version/reduced_version.gen/sources_1/bd/base/ip/base_ps7_0_0/base_ps7_0_0/base_ps7_0_0_in_context.xdc, line 14).
Applied set_property CLOCK_BUFFER_TYPE = NONE for DDR_addr[14]. (constraint file  d:/ESD/ESD_CP/PYNQ-image_v2.7/PYNQ-image_v2.7/boards/Pynq-Z2/base/reduced_version/reduced_version.gen/sources_1/bd/base/ip/base_ps7_0_0/base_ps7_0_0/base_ps7_0_0_in_context.xdc, line 15).
Applied set_property IO_BUFFER_TYPE = NONE for DDR_addr[1]. (constraint file  d:/ESD/ESD_CP/PYNQ-image_v2.7/PYNQ-image_v2.7/boards/Pynq-Z2/base/reduced_version/reduced_version.gen/sources_1/bd/base/ip/base_ps7_0_0/base_ps7_0_0/base_ps7_0_0_in_context.xdc, line 16).
Applied set_property CLOCK_BUFFER_TYPE = NONE for DDR_addr[1]. (constraint file  d:/ESD/ESD_CP/PYNQ-image_v2.7/PYNQ-image_v2.7/boards/Pynq-Z2/base/reduced_version/reduced_version.gen/sources_1/bd/base/ip/base_ps7_0_0/base_ps7_0_0/base_ps7_0_0_in_context.xdc, line 17).
Applied set_property IO_BUFFER_TYPE = NONE for DDR_addr[2]. (constraint file  d:/ESD/ESD_CP/PYNQ-image_v2.7/PYNQ-image_v2.7/boards/Pynq-Z2/base/reduced_version/reduced_version.gen/sources_1/bd/base/ip/base_ps7_0_0/base_ps7_0_0/base_ps7_0_0_in_context.xdc, line 18).
Applied set_property CLOCK_BUFFER_TYPE = NONE for DDR_addr[2]. (constraint file  d:/ESD/ESD_CP/PYNQ-image_v2.7/PYNQ-image_v2.7/boards/Pynq-Z2/base/reduced_version/reduced_version.gen/sources_1/bd/base/ip/base_ps7_0_0/base_ps7_0_0/base_ps7_0_0_in_context.xdc, line 19).
Applied set_property IO_BUFFER_TYPE = NONE for DDR_addr[3]. (constraint file  d:/ESD/ESD_CP/PYNQ-image_v2.7/PYNQ-image_v2.7/boards/Pynq-Z2/base/reduced_version/reduced_version.gen/sources_1/bd/base/ip/base_ps7_0_0/base_ps7_0_0/base_ps7_0_0_in_context.xdc, line 20).
Applied set_property CLOCK_BUFFER_TYPE = NONE for DDR_addr[3]. (constraint file  d:/ESD/ESD_CP/PYNQ-image_v2.7/PYNQ-image_v2.7/boards/Pynq-Z2/base/reduced_version/reduced_version.gen/sources_1/bd/base/ip/base_ps7_0_0/base_ps7_0_0/base_ps7_0_0_in_context.xdc, line 21).
Applied set_property IO_BUFFER_TYPE = NONE for DDR_addr[4]. (constraint file  d:/ESD/ESD_CP/PYNQ-image_v2.7/PYNQ-image_v2.7/boards/Pynq-Z2/base/reduced_version/reduced_version.gen/sources_1/bd/base/ip/base_ps7_0_0/base_ps7_0_0/base_ps7_0_0_in_context.xdc, line 22).
Applied set_property CLOCK_BUFFER_TYPE = NONE for DDR_addr[4]. (constraint file  d:/ESD/ESD_CP/PYNQ-image_v2.7/PYNQ-image_v2.7/boards/Pynq-Z2/base/reduced_version/reduced_version.gen/sources_1/bd/base/ip/base_ps7_0_0/base_ps7_0_0/base_ps7_0_0_in_context.xdc, line 23).
Applied set_property IO_BUFFER_TYPE = NONE for DDR_addr[5]. (constraint file  d:/ESD/ESD_CP/PYNQ-image_v2.7/PYNQ-image_v2.7/boards/Pynq-Z2/base/reduced_version/reduced_version.gen/sources_1/bd/base/ip/base_ps7_0_0/base_ps7_0_0/base_ps7_0_0_in_context.xdc, line 24).
Applied set_property CLOCK_BUFFER_TYPE = NONE for DDR_addr[5]. (constraint file  d:/ESD/ESD_CP/PYNQ-image_v2.7/PYNQ-image_v2.7/boards/Pynq-Z2/base/reduced_version/reduced_version.gen/sources_1/bd/base/ip/base_ps7_0_0/base_ps7_0_0/base_ps7_0_0_in_context.xdc, line 25).
Applied set_property IO_BUFFER_TYPE = NONE for DDR_addr[6]. (constraint file  d:/ESD/ESD_CP/PYNQ-image_v2.7/PYNQ-image_v2.7/boards/Pynq-Z2/base/reduced_version/reduced_version.gen/sources_1/bd/base/ip/base_ps7_0_0/base_ps7_0_0/base_ps7_0_0_in_context.xdc, line 26).
Applied set_property CLOCK_BUFFER_TYPE = NONE for DDR_addr[6]. (constraint file  d:/ESD/ESD_CP/PYNQ-image_v2.7/PYNQ-image_v2.7/boards/Pynq-Z2/base/reduced_version/reduced_version.gen/sources_1/bd/base/ip/base_ps7_0_0/base_ps7_0_0/base_ps7_0_0_in_context.xdc, line 27).
Applied set_property IO_BUFFER_TYPE = NONE for DDR_addr[7]. (constraint file  d:/ESD/ESD_CP/PYNQ-image_v2.7/PYNQ-image_v2.7/boards/Pynq-Z2/base/reduced_version/reduced_version.gen/sources_1/bd/base/ip/base_ps7_0_0/base_ps7_0_0/base_ps7_0_0_in_context.xdc, line 28).
Applied set_property CLOCK_BUFFER_TYPE = NONE for DDR_addr[7]. (constraint file  d:/ESD/ESD_CP/PYNQ-image_v2.7/PYNQ-image_v2.7/boards/Pynq-Z2/base/reduced_version/reduced_version.gen/sources_1/bd/base/ip/base_ps7_0_0/base_ps7_0_0/base_ps7_0_0_in_context.xdc, line 29).
Applied set_property IO_BUFFER_TYPE = NONE for DDR_addr[8]. (constraint file  d:/ESD/ESD_CP/PYNQ-image_v2.7/PYNQ-image_v2.7/boards/Pynq-Z2/base/reduced_version/reduced_version.gen/sources_1/bd/base/ip/base_ps7_0_0/base_ps7_0_0/base_ps7_0_0_in_context.xdc, line 30).
Applied set_property CLOCK_BUFFER_TYPE = NONE for DDR_addr[8]. (constraint file  d:/ESD/ESD_CP/PYNQ-image_v2.7/PYNQ-image_v2.7/boards/Pynq-Z2/base/reduced_version/reduced_version.gen/sources_1/bd/base/ip/base_ps7_0_0/base_ps7_0_0/base_ps7_0_0_in_context.xdc, line 31).
Applied set_property IO_BUFFER_TYPE = NONE for DDR_addr[9]. (constraint file  d:/ESD/ESD_CP/PYNQ-image_v2.7/PYNQ-image_v2.7/boards/Pynq-Z2/base/reduced_version/reduced_version.gen/sources_1/bd/base/ip/base_ps7_0_0/base_ps7_0_0/base_ps7_0_0_in_context.xdc, line 32).
Applied set_property CLOCK_BUFFER_TYPE = NONE for DDR_addr[9]. (constraint file  d:/ESD/ESD_CP/PYNQ-image_v2.7/PYNQ-image_v2.7/boards/Pynq-Z2/base/reduced_version/reduced_version.gen/sources_1/bd/base/ip/base_ps7_0_0/base_ps7_0_0/base_ps7_0_0_in_context.xdc, line 33).
Applied set_property IO_BUFFER_TYPE = NONE for DDR_ba[0]. (constraint file  d:/ESD/ESD_CP/PYNQ-image_v2.7/PYNQ-image_v2.7/boards/Pynq-Z2/base/reduced_version/reduced_version.gen/sources_1/bd/base/ip/base_ps7_0_0/base_ps7_0_0/base_ps7_0_0_in_context.xdc, line 34).
Applied set_property CLOCK_BUFFER_TYPE = NONE for DDR_ba[0]. (constraint file  d:/ESD/ESD_CP/PYNQ-image_v2.7/PYNQ-image_v2.7/boards/Pynq-Z2/base/reduced_version/reduced_version.gen/sources_1/bd/base/ip/base_ps7_0_0/base_ps7_0_0/base_ps7_0_0_in_context.xdc, line 35).
Applied set_property IO_BUFFER_TYPE = NONE for DDR_ba[1]. (constraint file  d:/ESD/ESD_CP/PYNQ-image_v2.7/PYNQ-image_v2.7/boards/Pynq-Z2/base/reduced_version/reduced_version.gen/sources_1/bd/base/ip/base_ps7_0_0/base_ps7_0_0/base_ps7_0_0_in_context.xdc, line 36).
Applied set_property CLOCK_BUFFER_TYPE = NONE for DDR_ba[1]. (constraint file  d:/ESD/ESD_CP/PYNQ-image_v2.7/PYNQ-image_v2.7/boards/Pynq-Z2/base/reduced_version/reduced_version.gen/sources_1/bd/base/ip/base_ps7_0_0/base_ps7_0_0/base_ps7_0_0_in_context.xdc, line 37).
Applied set_property IO_BUFFER_TYPE = NONE for DDR_ba[2]. (constraint file  d:/ESD/ESD_CP/PYNQ-image_v2.7/PYNQ-image_v2.7/boards/Pynq-Z2/base/reduced_version/reduced_version.gen/sources_1/bd/base/ip/base_ps7_0_0/base_ps7_0_0/base_ps7_0_0_in_context.xdc, line 38).
Applied set_property CLOCK_BUFFER_TYPE = NONE for DDR_ba[2]. (constraint file  d:/ESD/ESD_CP/PYNQ-image_v2.7/PYNQ-image_v2.7/boards/Pynq-Z2/base/reduced_version/reduced_version.gen/sources_1/bd/base/ip/base_ps7_0_0/base_ps7_0_0/base_ps7_0_0_in_context.xdc, line 39).
Applied set_property IO_BUFFER_TYPE = NONE for DDR_cas_n. (constraint file  d:/ESD/ESD_CP/PYNQ-image_v2.7/PYNQ-image_v2.7/boards/Pynq-Z2/base/reduced_version/reduced_version.gen/sources_1/bd/base/ip/base_ps7_0_0/base_ps7_0_0/base_ps7_0_0_in_context.xdc, line 40).
Applied set_property CLOCK_BUFFER_TYPE = NONE for DDR_cas_n. (constraint file  d:/ESD/ESD_CP/PYNQ-image_v2.7/PYNQ-image_v2.7/boards/Pynq-Z2/base/reduced_version/reduced_version.gen/sources_1/bd/base/ip/base_ps7_0_0/base_ps7_0_0/base_ps7_0_0_in_context.xdc, line 41).
Applied set_property IO_BUFFER_TYPE = NONE for DDR_cke. (constraint file  d:/ESD/ESD_CP/PYNQ-image_v2.7/PYNQ-image_v2.7/boards/Pynq-Z2/base/reduced_version/reduced_version.gen/sources_1/bd/base/ip/base_ps7_0_0/base_ps7_0_0/base_ps7_0_0_in_context.xdc, line 42).
Applied set_property CLOCK_BUFFER_TYPE = NONE for DDR_cke. (constraint file  d:/ESD/ESD_CP/PYNQ-image_v2.7/PYNQ-image_v2.7/boards/Pynq-Z2/base/reduced_version/reduced_version.gen/sources_1/bd/base/ip/base_ps7_0_0/base_ps7_0_0/base_ps7_0_0_in_context.xdc, line 43).
Applied set_property IO_BUFFER_TYPE = NONE for DDR_cs_n. (constraint file  d:/ESD/ESD_CP/PYNQ-image_v2.7/PYNQ-image_v2.7/boards/Pynq-Z2/base/reduced_version/reduced_version.gen/sources_1/bd/base/ip/base_ps7_0_0/base_ps7_0_0/base_ps7_0_0_in_context.xdc, line 44).
Applied set_property CLOCK_BUFFER_TYPE = NONE for DDR_cs_n. (constraint file  d:/ESD/ESD_CP/PYNQ-image_v2.7/PYNQ-image_v2.7/boards/Pynq-Z2/base/reduced_version/reduced_version.gen/sources_1/bd/base/ip/base_ps7_0_0/base_ps7_0_0/base_ps7_0_0_in_context.xdc, line 45).
Applied set_property IO_BUFFER_TYPE = NONE for DDR_ck_p. (constraint file  d:/ESD/ESD_CP/PYNQ-image_v2.7/PYNQ-image_v2.7/boards/Pynq-Z2/base/reduced_version/reduced_version.gen/sources_1/bd/base/ip/base_ps7_0_0/base_ps7_0_0/base_ps7_0_0_in_context.xdc, line 46).
Applied set_property CLOCK_BUFFER_TYPE = NONE for DDR_ck_p. (constraint file  d:/ESD/ESD_CP/PYNQ-image_v2.7/PYNQ-image_v2.7/boards/Pynq-Z2/base/reduced_version/reduced_version.gen/sources_1/bd/base/ip/base_ps7_0_0/base_ps7_0_0/base_ps7_0_0_in_context.xdc, line 47).
Applied set_property IO_BUFFER_TYPE = NONE for DDR_ck_n. (constraint file  d:/ESD/ESD_CP/PYNQ-image_v2.7/PYNQ-image_v2.7/boards/Pynq-Z2/base/reduced_version/reduced_version.gen/sources_1/bd/base/ip/base_ps7_0_0/base_ps7_0_0/base_ps7_0_0_in_context.xdc, line 48).
Applied set_property CLOCK_BUFFER_TYPE = NONE for DDR_ck_n. (constraint file  d:/ESD/ESD_CP/PYNQ-image_v2.7/PYNQ-image_v2.7/boards/Pynq-Z2/base/reduced_version/reduced_version.gen/sources_1/bd/base/ip/base_ps7_0_0/base_ps7_0_0/base_ps7_0_0_in_context.xdc, line 49).
Applied set_property IO_BUFFER_TYPE = NONE for DDR_dm[0]. (constraint file  d:/ESD/ESD_CP/PYNQ-image_v2.7/PYNQ-image_v2.7/boards/Pynq-Z2/base/reduced_version/reduced_version.gen/sources_1/bd/base/ip/base_ps7_0_0/base_ps7_0_0/base_ps7_0_0_in_context.xdc, line 50).
Applied set_property CLOCK_BUFFER_TYPE = NONE for DDR_dm[0]. (constraint file  d:/ESD/ESD_CP/PYNQ-image_v2.7/PYNQ-image_v2.7/boards/Pynq-Z2/base/reduced_version/reduced_version.gen/sources_1/bd/base/ip/base_ps7_0_0/base_ps7_0_0/base_ps7_0_0_in_context.xdc, line 51).
Applied set_property IO_BUFFER_TYPE = NONE for DDR_dm[1]. (constraint file  d:/ESD/ESD_CP/PYNQ-image_v2.7/PYNQ-image_v2.7/boards/Pynq-Z2/base/reduced_version/reduced_version.gen/sources_1/bd/base/ip/base_ps7_0_0/base_ps7_0_0/base_ps7_0_0_in_context.xdc, line 52).
Applied set_property CLOCK_BUFFER_TYPE = NONE for DDR_dm[1]. (constraint file  d:/ESD/ESD_CP/PYNQ-image_v2.7/PYNQ-image_v2.7/boards/Pynq-Z2/base/reduced_version/reduced_version.gen/sources_1/bd/base/ip/base_ps7_0_0/base_ps7_0_0/base_ps7_0_0_in_context.xdc, line 53).
Applied set_property IO_BUFFER_TYPE = NONE for DDR_dm[2]. (constraint file  d:/ESD/ESD_CP/PYNQ-image_v2.7/PYNQ-image_v2.7/boards/Pynq-Z2/base/reduced_version/reduced_version.gen/sources_1/bd/base/ip/base_ps7_0_0/base_ps7_0_0/base_ps7_0_0_in_context.xdc, line 54).
Applied set_property CLOCK_BUFFER_TYPE = NONE for DDR_dm[2]. (constraint file  d:/ESD/ESD_CP/PYNQ-image_v2.7/PYNQ-image_v2.7/boards/Pynq-Z2/base/reduced_version/reduced_version.gen/sources_1/bd/base/ip/base_ps7_0_0/base_ps7_0_0/base_ps7_0_0_in_context.xdc, line 55).
Applied set_property IO_BUFFER_TYPE = NONE for DDR_dm[3]. (constraint file  d:/ESD/ESD_CP/PYNQ-image_v2.7/PYNQ-image_v2.7/boards/Pynq-Z2/base/reduced_version/reduced_version.gen/sources_1/bd/base/ip/base_ps7_0_0/base_ps7_0_0/base_ps7_0_0_in_context.xdc, line 56).
Applied set_property CLOCK_BUFFER_TYPE = NONE for DDR_dm[3]. (constraint file  d:/ESD/ESD_CP/PYNQ-image_v2.7/PYNQ-image_v2.7/boards/Pynq-Z2/base/reduced_version/reduced_version.gen/sources_1/bd/base/ip/base_ps7_0_0/base_ps7_0_0/base_ps7_0_0_in_context.xdc, line 57).
Applied set_property IO_BUFFER_TYPE = NONE for DDR_dqs_p[0]. (constraint file  d:/ESD/ESD_CP/PYNQ-image_v2.7/PYNQ-image_v2.7/boards/Pynq-Z2/base/reduced_version/reduced_version.gen/sources_1/bd/base/ip/base_ps7_0_0/base_ps7_0_0/base_ps7_0_0_in_context.xdc, line 58).
Applied set_property CLOCK_BUFFER_TYPE = NONE for DDR_dqs_p[0]. (constraint file  d:/ESD/ESD_CP/PYNQ-image_v2.7/PYNQ-image_v2.7/boards/Pynq-Z2/base/reduced_version/reduced_version.gen/sources_1/bd/base/ip/base_ps7_0_0/base_ps7_0_0/base_ps7_0_0_in_context.xdc, line 59).
Applied set_property IO_BUFFER_TYPE = NONE for DDR_dqs_p[1]. (constraint file  d:/ESD/ESD_CP/PYNQ-image_v2.7/PYNQ-image_v2.7/boards/Pynq-Z2/base/reduced_version/reduced_version.gen/sources_1/bd/base/ip/base_ps7_0_0/base_ps7_0_0/base_ps7_0_0_in_context.xdc, line 60).
Applied set_property CLOCK_BUFFER_TYPE = NONE for DDR_dqs_p[1]. (constraint file  d:/ESD/ESD_CP/PYNQ-image_v2.7/PYNQ-image_v2.7/boards/Pynq-Z2/base/reduced_version/reduced_version.gen/sources_1/bd/base/ip/base_ps7_0_0/base_ps7_0_0/base_ps7_0_0_in_context.xdc, line 61).
Applied set_property IO_BUFFER_TYPE = NONE for DDR_dqs_p[2]. (constraint file  d:/ESD/ESD_CP/PYNQ-image_v2.7/PYNQ-image_v2.7/boards/Pynq-Z2/base/reduced_version/reduced_version.gen/sources_1/bd/base/ip/base_ps7_0_0/base_ps7_0_0/base_ps7_0_0_in_context.xdc, line 62).
Applied set_property CLOCK_BUFFER_TYPE = NONE for DDR_dqs_p[2]. (constraint file  d:/ESD/ESD_CP/PYNQ-image_v2.7/PYNQ-image_v2.7/boards/Pynq-Z2/base/reduced_version/reduced_version.gen/sources_1/bd/base/ip/base_ps7_0_0/base_ps7_0_0/base_ps7_0_0_in_context.xdc, line 63).
Applied set_property IO_BUFFER_TYPE = NONE for DDR_dqs_p[3]. (constraint file  d:/ESD/ESD_CP/PYNQ-image_v2.7/PYNQ-image_v2.7/boards/Pynq-Z2/base/reduced_version/reduced_version.gen/sources_1/bd/base/ip/base_ps7_0_0/base_ps7_0_0/base_ps7_0_0_in_context.xdc, line 64).
Applied set_property CLOCK_BUFFER_TYPE = NONE for DDR_dqs_p[3]. (constraint file  d:/ESD/ESD_CP/PYNQ-image_v2.7/PYNQ-image_v2.7/boards/Pynq-Z2/base/reduced_version/reduced_version.gen/sources_1/bd/base/ip/base_ps7_0_0/base_ps7_0_0/base_ps7_0_0_in_context.xdc, line 65).
Applied set_property IO_BUFFER_TYPE = NONE for DDR_dqs_n[0]. (constraint file  d:/ESD/ESD_CP/PYNQ-image_v2.7/PYNQ-image_v2.7/boards/Pynq-Z2/base/reduced_version/reduced_version.gen/sources_1/bd/base/ip/base_ps7_0_0/base_ps7_0_0/base_ps7_0_0_in_context.xdc, line 66).
Applied set_property CLOCK_BUFFER_TYPE = NONE for DDR_dqs_n[0]. (constraint file  d:/ESD/ESD_CP/PYNQ-image_v2.7/PYNQ-image_v2.7/boards/Pynq-Z2/base/reduced_version/reduced_version.gen/sources_1/bd/base/ip/base_ps7_0_0/base_ps7_0_0/base_ps7_0_0_in_context.xdc, line 67).
Applied set_property IO_BUFFER_TYPE = NONE for DDR_dqs_n[1]. (constraint file  d:/ESD/ESD_CP/PYNQ-image_v2.7/PYNQ-image_v2.7/boards/Pynq-Z2/base/reduced_version/reduced_version.gen/sources_1/bd/base/ip/base_ps7_0_0/base_ps7_0_0/base_ps7_0_0_in_context.xdc, line 68).
Applied set_property CLOCK_BUFFER_TYPE = NONE for DDR_dqs_n[1]. (constraint file  d:/ESD/ESD_CP/PYNQ-image_v2.7/PYNQ-image_v2.7/boards/Pynq-Z2/base/reduced_version/reduced_version.gen/sources_1/bd/base/ip/base_ps7_0_0/base_ps7_0_0/base_ps7_0_0_in_context.xdc, line 69).
Applied set_property IO_BUFFER_TYPE = NONE for DDR_dqs_n[2]. (constraint file  d:/ESD/ESD_CP/PYNQ-image_v2.7/PYNQ-image_v2.7/boards/Pynq-Z2/base/reduced_version/reduced_version.gen/sources_1/bd/base/ip/base_ps7_0_0/base_ps7_0_0/base_ps7_0_0_in_context.xdc, line 70).
Applied set_property CLOCK_BUFFER_TYPE = NONE for DDR_dqs_n[2]. (constraint file  d:/ESD/ESD_CP/PYNQ-image_v2.7/PYNQ-image_v2.7/boards/Pynq-Z2/base/reduced_version/reduced_version.gen/sources_1/bd/base/ip/base_ps7_0_0/base_ps7_0_0/base_ps7_0_0_in_context.xdc, line 71).
Applied set_property IO_BUFFER_TYPE = NONE for DDR_dqs_n[3]. (constraint file  d:/ESD/ESD_CP/PYNQ-image_v2.7/PYNQ-image_v2.7/boards/Pynq-Z2/base/reduced_version/reduced_version.gen/sources_1/bd/base/ip/base_ps7_0_0/base_ps7_0_0/base_ps7_0_0_in_context.xdc, line 72).
Applied set_property CLOCK_BUFFER_TYPE = NONE for DDR_dqs_n[3]. (constraint file  d:/ESD/ESD_CP/PYNQ-image_v2.7/PYNQ-image_v2.7/boards/Pynq-Z2/base/reduced_version/reduced_version.gen/sources_1/bd/base/ip/base_ps7_0_0/base_ps7_0_0/base_ps7_0_0_in_context.xdc, line 73).
Applied set_property IO_BUFFER_TYPE = NONE for DDR_dq[0]. (constraint file  d:/ESD/ESD_CP/PYNQ-image_v2.7/PYNQ-image_v2.7/boards/Pynq-Z2/base/reduced_version/reduced_version.gen/sources_1/bd/base/ip/base_ps7_0_0/base_ps7_0_0/base_ps7_0_0_in_context.xdc, line 74).
Applied set_property CLOCK_BUFFER_TYPE = NONE for DDR_dq[0]. (constraint file  d:/ESD/ESD_CP/PYNQ-image_v2.7/PYNQ-image_v2.7/boards/Pynq-Z2/base/reduced_version/reduced_version.gen/sources_1/bd/base/ip/base_ps7_0_0/base_ps7_0_0/base_ps7_0_0_in_context.xdc, line 75).
Applied set_property IO_BUFFER_TYPE = NONE for DDR_dq[10]. (constraint file  d:/ESD/ESD_CP/PYNQ-image_v2.7/PYNQ-image_v2.7/boards/Pynq-Z2/base/reduced_version/reduced_version.gen/sources_1/bd/base/ip/base_ps7_0_0/base_ps7_0_0/base_ps7_0_0_in_context.xdc, line 76).
Applied set_property CLOCK_BUFFER_TYPE = NONE for DDR_dq[10]. (constraint file  d:/ESD/ESD_CP/PYNQ-image_v2.7/PYNQ-image_v2.7/boards/Pynq-Z2/base/reduced_version/reduced_version.gen/sources_1/bd/base/ip/base_ps7_0_0/base_ps7_0_0/base_ps7_0_0_in_context.xdc, line 77).
Applied set_property IO_BUFFER_TYPE = NONE for DDR_dq[11]. (constraint file  d:/ESD/ESD_CP/PYNQ-image_v2.7/PYNQ-image_v2.7/boards/Pynq-Z2/base/reduced_version/reduced_version.gen/sources_1/bd/base/ip/base_ps7_0_0/base_ps7_0_0/base_ps7_0_0_in_context.xdc, line 78).
Applied set_property CLOCK_BUFFER_TYPE = NONE for DDR_dq[11]. (constraint file  d:/ESD/ESD_CP/PYNQ-image_v2.7/PYNQ-image_v2.7/boards/Pynq-Z2/base/reduced_version/reduced_version.gen/sources_1/bd/base/ip/base_ps7_0_0/base_ps7_0_0/base_ps7_0_0_in_context.xdc, line 79).
Applied set_property IO_BUFFER_TYPE = NONE for DDR_dq[12]. (constraint file  d:/ESD/ESD_CP/PYNQ-image_v2.7/PYNQ-image_v2.7/boards/Pynq-Z2/base/reduced_version/reduced_version.gen/sources_1/bd/base/ip/base_ps7_0_0/base_ps7_0_0/base_ps7_0_0_in_context.xdc, line 80).
Applied set_property CLOCK_BUFFER_TYPE = NONE for DDR_dq[12]. (constraint file  d:/ESD/ESD_CP/PYNQ-image_v2.7/PYNQ-image_v2.7/boards/Pynq-Z2/base/reduced_version/reduced_version.gen/sources_1/bd/base/ip/base_ps7_0_0/base_ps7_0_0/base_ps7_0_0_in_context.xdc, line 81).
Applied set_property IO_BUFFER_TYPE = NONE for DDR_dq[13]. (constraint file  d:/ESD/ESD_CP/PYNQ-image_v2.7/PYNQ-image_v2.7/boards/Pynq-Z2/base/reduced_version/reduced_version.gen/sources_1/bd/base/ip/base_ps7_0_0/base_ps7_0_0/base_ps7_0_0_in_context.xdc, line 82).
Applied set_property CLOCK_BUFFER_TYPE = NONE for DDR_dq[13]. (constraint file  d:/ESD/ESD_CP/PYNQ-image_v2.7/PYNQ-image_v2.7/boards/Pynq-Z2/base/reduced_version/reduced_version.gen/sources_1/bd/base/ip/base_ps7_0_0/base_ps7_0_0/base_ps7_0_0_in_context.xdc, line 83).
Applied set_property IO_BUFFER_TYPE = NONE for DDR_dq[14]. (constraint file  d:/ESD/ESD_CP/PYNQ-image_v2.7/PYNQ-image_v2.7/boards/Pynq-Z2/base/reduced_version/reduced_version.gen/sources_1/bd/base/ip/base_ps7_0_0/base_ps7_0_0/base_ps7_0_0_in_context.xdc, line 84).
Applied set_property CLOCK_BUFFER_TYPE = NONE for DDR_dq[14]. (constraint file  d:/ESD/ESD_CP/PYNQ-image_v2.7/PYNQ-image_v2.7/boards/Pynq-Z2/base/reduced_version/reduced_version.gen/sources_1/bd/base/ip/base_ps7_0_0/base_ps7_0_0/base_ps7_0_0_in_context.xdc, line 85).
Applied set_property IO_BUFFER_TYPE = NONE for DDR_dq[15]. (constraint file  d:/ESD/ESD_CP/PYNQ-image_v2.7/PYNQ-image_v2.7/boards/Pynq-Z2/base/reduced_version/reduced_version.gen/sources_1/bd/base/ip/base_ps7_0_0/base_ps7_0_0/base_ps7_0_0_in_context.xdc, line 86).
Applied set_property CLOCK_BUFFER_TYPE = NONE for DDR_dq[15]. (constraint file  d:/ESD/ESD_CP/PYNQ-image_v2.7/PYNQ-image_v2.7/boards/Pynq-Z2/base/reduced_version/reduced_version.gen/sources_1/bd/base/ip/base_ps7_0_0/base_ps7_0_0/base_ps7_0_0_in_context.xdc, line 87).
Applied set_property IO_BUFFER_TYPE = NONE for DDR_dq[16]. (constraint file  d:/ESD/ESD_CP/PYNQ-image_v2.7/PYNQ-image_v2.7/boards/Pynq-Z2/base/reduced_version/reduced_version.gen/sources_1/bd/base/ip/base_ps7_0_0/base_ps7_0_0/base_ps7_0_0_in_context.xdc, line 88).
Applied set_property CLOCK_BUFFER_TYPE = NONE for DDR_dq[16]. (constraint file  d:/ESD/ESD_CP/PYNQ-image_v2.7/PYNQ-image_v2.7/boards/Pynq-Z2/base/reduced_version/reduced_version.gen/sources_1/bd/base/ip/base_ps7_0_0/base_ps7_0_0/base_ps7_0_0_in_context.xdc, line 89).
Applied set_property IO_BUFFER_TYPE = NONE for DDR_dq[17]. (constraint file  d:/ESD/ESD_CP/PYNQ-image_v2.7/PYNQ-image_v2.7/boards/Pynq-Z2/base/reduced_version/reduced_version.gen/sources_1/bd/base/ip/base_ps7_0_0/base_ps7_0_0/base_ps7_0_0_in_context.xdc, line 90).
Applied set_property CLOCK_BUFFER_TYPE = NONE for DDR_dq[17]. (constraint file  d:/ESD/ESD_CP/PYNQ-image_v2.7/PYNQ-image_v2.7/boards/Pynq-Z2/base/reduced_version/reduced_version.gen/sources_1/bd/base/ip/base_ps7_0_0/base_ps7_0_0/base_ps7_0_0_in_context.xdc, line 91).
Applied set_property IO_BUFFER_TYPE = NONE for DDR_dq[18]. (constraint file  d:/ESD/ESD_CP/PYNQ-image_v2.7/PYNQ-image_v2.7/boards/Pynq-Z2/base/reduced_version/reduced_version.gen/sources_1/bd/base/ip/base_ps7_0_0/base_ps7_0_0/base_ps7_0_0_in_context.xdc, line 92).
Applied set_property CLOCK_BUFFER_TYPE = NONE for DDR_dq[18]. (constraint file  d:/ESD/ESD_CP/PYNQ-image_v2.7/PYNQ-image_v2.7/boards/Pynq-Z2/base/reduced_version/reduced_version.gen/sources_1/bd/base/ip/base_ps7_0_0/base_ps7_0_0/base_ps7_0_0_in_context.xdc, line 93).
Applied set_property IO_BUFFER_TYPE = NONE for DDR_dq[19]. (constraint file  d:/ESD/ESD_CP/PYNQ-image_v2.7/PYNQ-image_v2.7/boards/Pynq-Z2/base/reduced_version/reduced_version.gen/sources_1/bd/base/ip/base_ps7_0_0/base_ps7_0_0/base_ps7_0_0_in_context.xdc, line 94).
Applied set_property CLOCK_BUFFER_TYPE = NONE for DDR_dq[19]. (constraint file  d:/ESD/ESD_CP/PYNQ-image_v2.7/PYNQ-image_v2.7/boards/Pynq-Z2/base/reduced_version/reduced_version.gen/sources_1/bd/base/ip/base_ps7_0_0/base_ps7_0_0/base_ps7_0_0_in_context.xdc, line 95).
Applied set_property IO_BUFFER_TYPE = NONE for DDR_dq[1]. (constraint file  d:/ESD/ESD_CP/PYNQ-image_v2.7/PYNQ-image_v2.7/boards/Pynq-Z2/base/reduced_version/reduced_version.gen/sources_1/bd/base/ip/base_ps7_0_0/base_ps7_0_0/base_ps7_0_0_in_context.xdc, line 96).
Applied set_property CLOCK_BUFFER_TYPE = NONE for DDR_dq[1]. (constraint file  d:/ESD/ESD_CP/PYNQ-image_v2.7/PYNQ-image_v2.7/boards/Pynq-Z2/base/reduced_version/reduced_version.gen/sources_1/bd/base/ip/base_ps7_0_0/base_ps7_0_0/base_ps7_0_0_in_context.xdc, line 97).
Applied set_property IO_BUFFER_TYPE = NONE for DDR_dq[20]. (constraint file  d:/ESD/ESD_CP/PYNQ-image_v2.7/PYNQ-image_v2.7/boards/Pynq-Z2/base/reduced_version/reduced_version.gen/sources_1/bd/base/ip/base_ps7_0_0/base_ps7_0_0/base_ps7_0_0_in_context.xdc, line 98).
Applied set_property CLOCK_BUFFER_TYPE = NONE for DDR_dq[20]. (constraint file  d:/ESD/ESD_CP/PYNQ-image_v2.7/PYNQ-image_v2.7/boards/Pynq-Z2/base/reduced_version/reduced_version.gen/sources_1/bd/base/ip/base_ps7_0_0/base_ps7_0_0/base_ps7_0_0_in_context.xdc, line 99).
Applied set_property IO_BUFFER_TYPE = NONE for DDR_dq[21]. (constraint file  d:/ESD/ESD_CP/PYNQ-image_v2.7/PYNQ-image_v2.7/boards/Pynq-Z2/base/reduced_version/reduced_version.gen/sources_1/bd/base/ip/base_ps7_0_0/base_ps7_0_0/base_ps7_0_0_in_context.xdc, line 100).
Applied set_property CLOCK_BUFFER_TYPE = NONE for DDR_dq[21]. (constraint file  d:/ESD/ESD_CP/PYNQ-image_v2.7/PYNQ-image_v2.7/boards/Pynq-Z2/base/reduced_version/reduced_version.gen/sources_1/bd/base/ip/base_ps7_0_0/base_ps7_0_0/base_ps7_0_0_in_context.xdc, line 101).
Applied set_property IO_BUFFER_TYPE = NONE for DDR_dq[22]. (constraint file  d:/ESD/ESD_CP/PYNQ-image_v2.7/PYNQ-image_v2.7/boards/Pynq-Z2/base/reduced_version/reduced_version.gen/sources_1/bd/base/ip/base_ps7_0_0/base_ps7_0_0/base_ps7_0_0_in_context.xdc, line 102).
Applied set_property CLOCK_BUFFER_TYPE = NONE for DDR_dq[22]. (constraint file  d:/ESD/ESD_CP/PYNQ-image_v2.7/PYNQ-image_v2.7/boards/Pynq-Z2/base/reduced_version/reduced_version.gen/sources_1/bd/base/ip/base_ps7_0_0/base_ps7_0_0/base_ps7_0_0_in_context.xdc, line 103).
Applied set_property IO_BUFFER_TYPE = NONE for DDR_dq[23]. (constraint file  d:/ESD/ESD_CP/PYNQ-image_v2.7/PYNQ-image_v2.7/boards/Pynq-Z2/base/reduced_version/reduced_version.gen/sources_1/bd/base/ip/base_ps7_0_0/base_ps7_0_0/base_ps7_0_0_in_context.xdc, line 104).
Applied set_property CLOCK_BUFFER_TYPE = NONE for DDR_dq[23]. (constraint file  d:/ESD/ESD_CP/PYNQ-image_v2.7/PYNQ-image_v2.7/boards/Pynq-Z2/base/reduced_version/reduced_version.gen/sources_1/bd/base/ip/base_ps7_0_0/base_ps7_0_0/base_ps7_0_0_in_context.xdc, line 105).
Applied set_property IO_BUFFER_TYPE = NONE for DDR_dq[24]. (constraint file  d:/ESD/ESD_CP/PYNQ-image_v2.7/PYNQ-image_v2.7/boards/Pynq-Z2/base/reduced_version/reduced_version.gen/sources_1/bd/base/ip/base_ps7_0_0/base_ps7_0_0/base_ps7_0_0_in_context.xdc, line 106).
Applied set_property CLOCK_BUFFER_TYPE = NONE for DDR_dq[24]. (constraint file  d:/ESD/ESD_CP/PYNQ-image_v2.7/PYNQ-image_v2.7/boards/Pynq-Z2/base/reduced_version/reduced_version.gen/sources_1/bd/base/ip/base_ps7_0_0/base_ps7_0_0/base_ps7_0_0_in_context.xdc, line 107).
Applied set_property IO_BUFFER_TYPE = NONE for DDR_dq[25]. (constraint file  d:/ESD/ESD_CP/PYNQ-image_v2.7/PYNQ-image_v2.7/boards/Pynq-Z2/base/reduced_version/reduced_version.gen/sources_1/bd/base/ip/base_ps7_0_0/base_ps7_0_0/base_ps7_0_0_in_context.xdc, line 108).
Applied set_property CLOCK_BUFFER_TYPE = NONE for DDR_dq[25]. (constraint file  d:/ESD/ESD_CP/PYNQ-image_v2.7/PYNQ-image_v2.7/boards/Pynq-Z2/base/reduced_version/reduced_version.gen/sources_1/bd/base/ip/base_ps7_0_0/base_ps7_0_0/base_ps7_0_0_in_context.xdc, line 109).
Applied set_property IO_BUFFER_TYPE = NONE for DDR_dq[26]. (constraint file  d:/ESD/ESD_CP/PYNQ-image_v2.7/PYNQ-image_v2.7/boards/Pynq-Z2/base/reduced_version/reduced_version.gen/sources_1/bd/base/ip/base_ps7_0_0/base_ps7_0_0/base_ps7_0_0_in_context.xdc, line 110).
Applied set_property CLOCK_BUFFER_TYPE = NONE for DDR_dq[26]. (constraint file  d:/ESD/ESD_CP/PYNQ-image_v2.7/PYNQ-image_v2.7/boards/Pynq-Z2/base/reduced_version/reduced_version.gen/sources_1/bd/base/ip/base_ps7_0_0/base_ps7_0_0/base_ps7_0_0_in_context.xdc, line 111).
Applied set_property IO_BUFFER_TYPE = NONE for DDR_dq[27]. (constraint file  d:/ESD/ESD_CP/PYNQ-image_v2.7/PYNQ-image_v2.7/boards/Pynq-Z2/base/reduced_version/reduced_version.gen/sources_1/bd/base/ip/base_ps7_0_0/base_ps7_0_0/base_ps7_0_0_in_context.xdc, line 112).
Applied set_property CLOCK_BUFFER_TYPE = NONE for DDR_dq[27]. (constraint file  d:/ESD/ESD_CP/PYNQ-image_v2.7/PYNQ-image_v2.7/boards/Pynq-Z2/base/reduced_version/reduced_version.gen/sources_1/bd/base/ip/base_ps7_0_0/base_ps7_0_0/base_ps7_0_0_in_context.xdc, line 113).
Applied set_property IO_BUFFER_TYPE = NONE for DDR_dq[28]. (constraint file  d:/ESD/ESD_CP/PYNQ-image_v2.7/PYNQ-image_v2.7/boards/Pynq-Z2/base/reduced_version/reduced_version.gen/sources_1/bd/base/ip/base_ps7_0_0/base_ps7_0_0/base_ps7_0_0_in_context.xdc, line 114).
Applied set_property CLOCK_BUFFER_TYPE = NONE for DDR_dq[28]. (constraint file  d:/ESD/ESD_CP/PYNQ-image_v2.7/PYNQ-image_v2.7/boards/Pynq-Z2/base/reduced_version/reduced_version.gen/sources_1/bd/base/ip/base_ps7_0_0/base_ps7_0_0/base_ps7_0_0_in_context.xdc, line 115).
Applied set_property IO_BUFFER_TYPE = NONE for DDR_dq[29]. (constraint file  d:/ESD/ESD_CP/PYNQ-image_v2.7/PYNQ-image_v2.7/boards/Pynq-Z2/base/reduced_version/reduced_version.gen/sources_1/bd/base/ip/base_ps7_0_0/base_ps7_0_0/base_ps7_0_0_in_context.xdc, line 116).
Applied set_property CLOCK_BUFFER_TYPE = NONE for DDR_dq[29]. (constraint file  d:/ESD/ESD_CP/PYNQ-image_v2.7/PYNQ-image_v2.7/boards/Pynq-Z2/base/reduced_version/reduced_version.gen/sources_1/bd/base/ip/base_ps7_0_0/base_ps7_0_0/base_ps7_0_0_in_context.xdc, line 117).
Applied set_property IO_BUFFER_TYPE = NONE for DDR_dq[2]. (constraint file  d:/ESD/ESD_CP/PYNQ-image_v2.7/PYNQ-image_v2.7/boards/Pynq-Z2/base/reduced_version/reduced_version.gen/sources_1/bd/base/ip/base_ps7_0_0/base_ps7_0_0/base_ps7_0_0_in_context.xdc, line 118).
Applied set_property CLOCK_BUFFER_TYPE = NONE for DDR_dq[2]. (constraint file  d:/ESD/ESD_CP/PYNQ-image_v2.7/PYNQ-image_v2.7/boards/Pynq-Z2/base/reduced_version/reduced_version.gen/sources_1/bd/base/ip/base_ps7_0_0/base_ps7_0_0/base_ps7_0_0_in_context.xdc, line 119).
Applied set_property IO_BUFFER_TYPE = NONE for DDR_dq[30]. (constraint file  d:/ESD/ESD_CP/PYNQ-image_v2.7/PYNQ-image_v2.7/boards/Pynq-Z2/base/reduced_version/reduced_version.gen/sources_1/bd/base/ip/base_ps7_0_0/base_ps7_0_0/base_ps7_0_0_in_context.xdc, line 120).
Applied set_property CLOCK_BUFFER_TYPE = NONE for DDR_dq[30]. (constraint file  d:/ESD/ESD_CP/PYNQ-image_v2.7/PYNQ-image_v2.7/boards/Pynq-Z2/base/reduced_version/reduced_version.gen/sources_1/bd/base/ip/base_ps7_0_0/base_ps7_0_0/base_ps7_0_0_in_context.xdc, line 121).
Applied set_property IO_BUFFER_TYPE = NONE for DDR_dq[31]. (constraint file  d:/ESD/ESD_CP/PYNQ-image_v2.7/PYNQ-image_v2.7/boards/Pynq-Z2/base/reduced_version/reduced_version.gen/sources_1/bd/base/ip/base_ps7_0_0/base_ps7_0_0/base_ps7_0_0_in_context.xdc, line 122).
Applied set_property CLOCK_BUFFER_TYPE = NONE for DDR_dq[31]. (constraint file  d:/ESD/ESD_CP/PYNQ-image_v2.7/PYNQ-image_v2.7/boards/Pynq-Z2/base/reduced_version/reduced_version.gen/sources_1/bd/base/ip/base_ps7_0_0/base_ps7_0_0/base_ps7_0_0_in_context.xdc, line 123).
Applied set_property IO_BUFFER_TYPE = NONE for DDR_dq[3]. (constraint file  d:/ESD/ESD_CP/PYNQ-image_v2.7/PYNQ-image_v2.7/boards/Pynq-Z2/base/reduced_version/reduced_version.gen/sources_1/bd/base/ip/base_ps7_0_0/base_ps7_0_0/base_ps7_0_0_in_context.xdc, line 124).
Applied set_property CLOCK_BUFFER_TYPE = NONE for DDR_dq[3]. (constraint file  d:/ESD/ESD_CP/PYNQ-image_v2.7/PYNQ-image_v2.7/boards/Pynq-Z2/base/reduced_version/reduced_version.gen/sources_1/bd/base/ip/base_ps7_0_0/base_ps7_0_0/base_ps7_0_0_in_context.xdc, line 125).
Applied set_property IO_BUFFER_TYPE = NONE for DDR_dq[4]. (constraint file  d:/ESD/ESD_CP/PYNQ-image_v2.7/PYNQ-image_v2.7/boards/Pynq-Z2/base/reduced_version/reduced_version.gen/sources_1/bd/base/ip/base_ps7_0_0/base_ps7_0_0/base_ps7_0_0_in_context.xdc, line 126).
Applied set_property CLOCK_BUFFER_TYPE = NONE for DDR_dq[4]. (constraint file  d:/ESD/ESD_CP/PYNQ-image_v2.7/PYNQ-image_v2.7/boards/Pynq-Z2/base/reduced_version/reduced_version.gen/sources_1/bd/base/ip/base_ps7_0_0/base_ps7_0_0/base_ps7_0_0_in_context.xdc, line 127).
Applied set_property IO_BUFFER_TYPE = NONE for DDR_dq[5]. (constraint file  d:/ESD/ESD_CP/PYNQ-image_v2.7/PYNQ-image_v2.7/boards/Pynq-Z2/base/reduced_version/reduced_version.gen/sources_1/bd/base/ip/base_ps7_0_0/base_ps7_0_0/base_ps7_0_0_in_context.xdc, line 128).
Applied set_property CLOCK_BUFFER_TYPE = NONE for DDR_dq[5]. (constraint file  d:/ESD/ESD_CP/PYNQ-image_v2.7/PYNQ-image_v2.7/boards/Pynq-Z2/base/reduced_version/reduced_version.gen/sources_1/bd/base/ip/base_ps7_0_0/base_ps7_0_0/base_ps7_0_0_in_context.xdc, line 129).
Applied set_property IO_BUFFER_TYPE = NONE for DDR_dq[6]. (constraint file  d:/ESD/ESD_CP/PYNQ-image_v2.7/PYNQ-image_v2.7/boards/Pynq-Z2/base/reduced_version/reduced_version.gen/sources_1/bd/base/ip/base_ps7_0_0/base_ps7_0_0/base_ps7_0_0_in_context.xdc, line 130).
Applied set_property CLOCK_BUFFER_TYPE = NONE for DDR_dq[6]. (constraint file  d:/ESD/ESD_CP/PYNQ-image_v2.7/PYNQ-image_v2.7/boards/Pynq-Z2/base/reduced_version/reduced_version.gen/sources_1/bd/base/ip/base_ps7_0_0/base_ps7_0_0/base_ps7_0_0_in_context.xdc, line 131).
Applied set_property IO_BUFFER_TYPE = NONE for DDR_dq[7]. (constraint file  d:/ESD/ESD_CP/PYNQ-image_v2.7/PYNQ-image_v2.7/boards/Pynq-Z2/base/reduced_version/reduced_version.gen/sources_1/bd/base/ip/base_ps7_0_0/base_ps7_0_0/base_ps7_0_0_in_context.xdc, line 132).
Applied set_property CLOCK_BUFFER_TYPE = NONE for DDR_dq[7]. (constraint file  d:/ESD/ESD_CP/PYNQ-image_v2.7/PYNQ-image_v2.7/boards/Pynq-Z2/base/reduced_version/reduced_version.gen/sources_1/bd/base/ip/base_ps7_0_0/base_ps7_0_0/base_ps7_0_0_in_context.xdc, line 133).
Applied set_property IO_BUFFER_TYPE = NONE for DDR_dq[8]. (constraint file  d:/ESD/ESD_CP/PYNQ-image_v2.7/PYNQ-image_v2.7/boards/Pynq-Z2/base/reduced_version/reduced_version.gen/sources_1/bd/base/ip/base_ps7_0_0/base_ps7_0_0/base_ps7_0_0_in_context.xdc, line 134).
Applied set_property CLOCK_BUFFER_TYPE = NONE for DDR_dq[8]. (constraint file  d:/ESD/ESD_CP/PYNQ-image_v2.7/PYNQ-image_v2.7/boards/Pynq-Z2/base/reduced_version/reduced_version.gen/sources_1/bd/base/ip/base_ps7_0_0/base_ps7_0_0/base_ps7_0_0_in_context.xdc, line 135).
Applied set_property IO_BUFFER_TYPE = NONE for DDR_dq[9]. (constraint file  d:/ESD/ESD_CP/PYNQ-image_v2.7/PYNQ-image_v2.7/boards/Pynq-Z2/base/reduced_version/reduced_version.gen/sources_1/bd/base/ip/base_ps7_0_0/base_ps7_0_0/base_ps7_0_0_in_context.xdc, line 136).
Applied set_property CLOCK_BUFFER_TYPE = NONE for DDR_dq[9]. (constraint file  d:/ESD/ESD_CP/PYNQ-image_v2.7/PYNQ-image_v2.7/boards/Pynq-Z2/base/reduced_version/reduced_version.gen/sources_1/bd/base/ip/base_ps7_0_0/base_ps7_0_0/base_ps7_0_0_in_context.xdc, line 137).
Applied set_property IO_BUFFER_TYPE = NONE for DDR_reset_n. (constraint file  d:/ESD/ESD_CP/PYNQ-image_v2.7/PYNQ-image_v2.7/boards/Pynq-Z2/base/reduced_version/reduced_version.gen/sources_1/bd/base/ip/base_ps7_0_0/base_ps7_0_0/base_ps7_0_0_in_context.xdc, line 138).
Applied set_property CLOCK_BUFFER_TYPE = NONE for DDR_reset_n. (constraint file  d:/ESD/ESD_CP/PYNQ-image_v2.7/PYNQ-image_v2.7/boards/Pynq-Z2/base/reduced_version/reduced_version.gen/sources_1/bd/base/ip/base_ps7_0_0/base_ps7_0_0/base_ps7_0_0_in_context.xdc, line 139).
Applied set_property IO_BUFFER_TYPE = NONE for DDR_odt. (constraint file  d:/ESD/ESD_CP/PYNQ-image_v2.7/PYNQ-image_v2.7/boards/Pynq-Z2/base/reduced_version/reduced_version.gen/sources_1/bd/base/ip/base_ps7_0_0/base_ps7_0_0/base_ps7_0_0_in_context.xdc, line 140).
Applied set_property CLOCK_BUFFER_TYPE = NONE for DDR_odt. (constraint file  d:/ESD/ESD_CP/PYNQ-image_v2.7/PYNQ-image_v2.7/boards/Pynq-Z2/base/reduced_version/reduced_version.gen/sources_1/bd/base/ip/base_ps7_0_0/base_ps7_0_0/base_ps7_0_0_in_context.xdc, line 141).
Applied set_property IO_BUFFER_TYPE = NONE for DDR_ras_n. (constraint file  d:/ESD/ESD_CP/PYNQ-image_v2.7/PYNQ-image_v2.7/boards/Pynq-Z2/base/reduced_version/reduced_version.gen/sources_1/bd/base/ip/base_ps7_0_0/base_ps7_0_0/base_ps7_0_0_in_context.xdc, line 142).
Applied set_property CLOCK_BUFFER_TYPE = NONE for DDR_ras_n. (constraint file  d:/ESD/ESD_CP/PYNQ-image_v2.7/PYNQ-image_v2.7/boards/Pynq-Z2/base/reduced_version/reduced_version.gen/sources_1/bd/base/ip/base_ps7_0_0/base_ps7_0_0/base_ps7_0_0_in_context.xdc, line 143).
Applied set_property IO_BUFFER_TYPE = NONE for FIXED_IO_ddr_vrn. (constraint file  d:/ESD/ESD_CP/PYNQ-image_v2.7/PYNQ-image_v2.7/boards/Pynq-Z2/base/reduced_version/reduced_version.gen/sources_1/bd/base/ip/base_ps7_0_0/base_ps7_0_0/base_ps7_0_0_in_context.xdc, line 144).
Applied set_property CLOCK_BUFFER_TYPE = NONE for FIXED_IO_ddr_vrn. (constraint file  d:/ESD/ESD_CP/PYNQ-image_v2.7/PYNQ-image_v2.7/boards/Pynq-Z2/base/reduced_version/reduced_version.gen/sources_1/bd/base/ip/base_ps7_0_0/base_ps7_0_0/base_ps7_0_0_in_context.xdc, line 145).
Applied set_property IO_BUFFER_TYPE = NONE for FIXED_IO_ddr_vrp. (constraint file  d:/ESD/ESD_CP/PYNQ-image_v2.7/PYNQ-image_v2.7/boards/Pynq-Z2/base/reduced_version/reduced_version.gen/sources_1/bd/base/ip/base_ps7_0_0/base_ps7_0_0/base_ps7_0_0_in_context.xdc, line 146).
Applied set_property CLOCK_BUFFER_TYPE = NONE for FIXED_IO_ddr_vrp. (constraint file  d:/ESD/ESD_CP/PYNQ-image_v2.7/PYNQ-image_v2.7/boards/Pynq-Z2/base/reduced_version/reduced_version.gen/sources_1/bd/base/ip/base_ps7_0_0/base_ps7_0_0/base_ps7_0_0_in_context.xdc, line 147).
Applied set_property IO_BUFFER_TYPE = NONE for DDR_we_n. (constraint file  d:/ESD/ESD_CP/PYNQ-image_v2.7/PYNQ-image_v2.7/boards/Pynq-Z2/base/reduced_version/reduced_version.gen/sources_1/bd/base/ip/base_ps7_0_0/base_ps7_0_0/base_ps7_0_0_in_context.xdc, line 148).
Applied set_property CLOCK_BUFFER_TYPE = NONE for DDR_we_n. (constraint file  d:/ESD/ESD_CP/PYNQ-image_v2.7/PYNQ-image_v2.7/boards/Pynq-Z2/base/reduced_version/reduced_version.gen/sources_1/bd/base/ip/base_ps7_0_0/base_ps7_0_0/base_ps7_0_0_in_context.xdc, line 149).
Applied set_property IO_BUFFER_TYPE = NONE for FIXED_IO_mio[0]. (constraint file  d:/ESD/ESD_CP/PYNQ-image_v2.7/PYNQ-image_v2.7/boards/Pynq-Z2/base/reduced_version/reduced_version.gen/sources_1/bd/base/ip/base_ps7_0_0/base_ps7_0_0/base_ps7_0_0_in_context.xdc, line 150).
Applied set_property CLOCK_BUFFER_TYPE = NONE for FIXED_IO_mio[0]. (constraint file  d:/ESD/ESD_CP/PYNQ-image_v2.7/PYNQ-image_v2.7/boards/Pynq-Z2/base/reduced_version/reduced_version.gen/sources_1/bd/base/ip/base_ps7_0_0/base_ps7_0_0/base_ps7_0_0_in_context.xdc, line 151).
Applied set_property IO_BUFFER_TYPE = NONE for FIXED_IO_mio[10]. (constraint file  d:/ESD/ESD_CP/PYNQ-image_v2.7/PYNQ-image_v2.7/boards/Pynq-Z2/base/reduced_version/reduced_version.gen/sources_1/bd/base/ip/base_ps7_0_0/base_ps7_0_0/base_ps7_0_0_in_context.xdc, line 152).
Applied set_property CLOCK_BUFFER_TYPE = NONE for FIXED_IO_mio[10]. (constraint file  d:/ESD/ESD_CP/PYNQ-image_v2.7/PYNQ-image_v2.7/boards/Pynq-Z2/base/reduced_version/reduced_version.gen/sources_1/bd/base/ip/base_ps7_0_0/base_ps7_0_0/base_ps7_0_0_in_context.xdc, line 153).
Applied set_property IO_BUFFER_TYPE = NONE for FIXED_IO_mio[11]. (constraint file  d:/ESD/ESD_CP/PYNQ-image_v2.7/PYNQ-image_v2.7/boards/Pynq-Z2/base/reduced_version/reduced_version.gen/sources_1/bd/base/ip/base_ps7_0_0/base_ps7_0_0/base_ps7_0_0_in_context.xdc, line 154).
Applied set_property CLOCK_BUFFER_TYPE = NONE for FIXED_IO_mio[11]. (constraint file  d:/ESD/ESD_CP/PYNQ-image_v2.7/PYNQ-image_v2.7/boards/Pynq-Z2/base/reduced_version/reduced_version.gen/sources_1/bd/base/ip/base_ps7_0_0/base_ps7_0_0/base_ps7_0_0_in_context.xdc, line 155).
Applied set_property IO_BUFFER_TYPE = NONE for FIXED_IO_mio[12]. (constraint file  d:/ESD/ESD_CP/PYNQ-image_v2.7/PYNQ-image_v2.7/boards/Pynq-Z2/base/reduced_version/reduced_version.gen/sources_1/bd/base/ip/base_ps7_0_0/base_ps7_0_0/base_ps7_0_0_in_context.xdc, line 156).
Applied set_property CLOCK_BUFFER_TYPE = NONE for FIXED_IO_mio[12]. (constraint file  d:/ESD/ESD_CP/PYNQ-image_v2.7/PYNQ-image_v2.7/boards/Pynq-Z2/base/reduced_version/reduced_version.gen/sources_1/bd/base/ip/base_ps7_0_0/base_ps7_0_0/base_ps7_0_0_in_context.xdc, line 157).
Applied set_property IO_BUFFER_TYPE = NONE for FIXED_IO_mio[13]. (constraint file  d:/ESD/ESD_CP/PYNQ-image_v2.7/PYNQ-image_v2.7/boards/Pynq-Z2/base/reduced_version/reduced_version.gen/sources_1/bd/base/ip/base_ps7_0_0/base_ps7_0_0/base_ps7_0_0_in_context.xdc, line 158).
Applied set_property CLOCK_BUFFER_TYPE = NONE for FIXED_IO_mio[13]. (constraint file  d:/ESD/ESD_CP/PYNQ-image_v2.7/PYNQ-image_v2.7/boards/Pynq-Z2/base/reduced_version/reduced_version.gen/sources_1/bd/base/ip/base_ps7_0_0/base_ps7_0_0/base_ps7_0_0_in_context.xdc, line 159).
Applied set_property IO_BUFFER_TYPE = NONE for FIXED_IO_mio[14]. (constraint file  d:/ESD/ESD_CP/PYNQ-image_v2.7/PYNQ-image_v2.7/boards/Pynq-Z2/base/reduced_version/reduced_version.gen/sources_1/bd/base/ip/base_ps7_0_0/base_ps7_0_0/base_ps7_0_0_in_context.xdc, line 160).
Applied set_property CLOCK_BUFFER_TYPE = NONE for FIXED_IO_mio[14]. (constraint file  d:/ESD/ESD_CP/PYNQ-image_v2.7/PYNQ-image_v2.7/boards/Pynq-Z2/base/reduced_version/reduced_version.gen/sources_1/bd/base/ip/base_ps7_0_0/base_ps7_0_0/base_ps7_0_0_in_context.xdc, line 161).
Applied set_property IO_BUFFER_TYPE = NONE for FIXED_IO_mio[15]. (constraint file  d:/ESD/ESD_CP/PYNQ-image_v2.7/PYNQ-image_v2.7/boards/Pynq-Z2/base/reduced_version/reduced_version.gen/sources_1/bd/base/ip/base_ps7_0_0/base_ps7_0_0/base_ps7_0_0_in_context.xdc, line 162).
Applied set_property CLOCK_BUFFER_TYPE = NONE for FIXED_IO_mio[15]. (constraint file  d:/ESD/ESD_CP/PYNQ-image_v2.7/PYNQ-image_v2.7/boards/Pynq-Z2/base/reduced_version/reduced_version.gen/sources_1/bd/base/ip/base_ps7_0_0/base_ps7_0_0/base_ps7_0_0_in_context.xdc, line 163).
Applied set_property IO_BUFFER_TYPE = NONE for FIXED_IO_mio[16]. (constraint file  d:/ESD/ESD_CP/PYNQ-image_v2.7/PYNQ-image_v2.7/boards/Pynq-Z2/base/reduced_version/reduced_version.gen/sources_1/bd/base/ip/base_ps7_0_0/base_ps7_0_0/base_ps7_0_0_in_context.xdc, line 164).
Applied set_property CLOCK_BUFFER_TYPE = NONE for FIXED_IO_mio[16]. (constraint file  d:/ESD/ESD_CP/PYNQ-image_v2.7/PYNQ-image_v2.7/boards/Pynq-Z2/base/reduced_version/reduced_version.gen/sources_1/bd/base/ip/base_ps7_0_0/base_ps7_0_0/base_ps7_0_0_in_context.xdc, line 165).
Applied set_property IO_BUFFER_TYPE = NONE for FIXED_IO_mio[17]. (constraint file  d:/ESD/ESD_CP/PYNQ-image_v2.7/PYNQ-image_v2.7/boards/Pynq-Z2/base/reduced_version/reduced_version.gen/sources_1/bd/base/ip/base_ps7_0_0/base_ps7_0_0/base_ps7_0_0_in_context.xdc, line 166).
Applied set_property CLOCK_BUFFER_TYPE = NONE for FIXED_IO_mio[17]. (constraint file  d:/ESD/ESD_CP/PYNQ-image_v2.7/PYNQ-image_v2.7/boards/Pynq-Z2/base/reduced_version/reduced_version.gen/sources_1/bd/base/ip/base_ps7_0_0/base_ps7_0_0/base_ps7_0_0_in_context.xdc, line 167).
Applied set_property IO_BUFFER_TYPE = NONE for FIXED_IO_mio[18]. (constraint file  d:/ESD/ESD_CP/PYNQ-image_v2.7/PYNQ-image_v2.7/boards/Pynq-Z2/base/reduced_version/reduced_version.gen/sources_1/bd/base/ip/base_ps7_0_0/base_ps7_0_0/base_ps7_0_0_in_context.xdc, line 168).
Applied set_property CLOCK_BUFFER_TYPE = NONE for FIXED_IO_mio[18]. (constraint file  d:/ESD/ESD_CP/PYNQ-image_v2.7/PYNQ-image_v2.7/boards/Pynq-Z2/base/reduced_version/reduced_version.gen/sources_1/bd/base/ip/base_ps7_0_0/base_ps7_0_0/base_ps7_0_0_in_context.xdc, line 169).
Applied set_property IO_BUFFER_TYPE = NONE for FIXED_IO_mio[19]. (constraint file  d:/ESD/ESD_CP/PYNQ-image_v2.7/PYNQ-image_v2.7/boards/Pynq-Z2/base/reduced_version/reduced_version.gen/sources_1/bd/base/ip/base_ps7_0_0/base_ps7_0_0/base_ps7_0_0_in_context.xdc, line 170).
Applied set_property CLOCK_BUFFER_TYPE = NONE for FIXED_IO_mio[19]. (constraint file  d:/ESD/ESD_CP/PYNQ-image_v2.7/PYNQ-image_v2.7/boards/Pynq-Z2/base/reduced_version/reduced_version.gen/sources_1/bd/base/ip/base_ps7_0_0/base_ps7_0_0/base_ps7_0_0_in_context.xdc, line 171).
Applied set_property IO_BUFFER_TYPE = NONE for FIXED_IO_mio[1]. (constraint file  d:/ESD/ESD_CP/PYNQ-image_v2.7/PYNQ-image_v2.7/boards/Pynq-Z2/base/reduced_version/reduced_version.gen/sources_1/bd/base/ip/base_ps7_0_0/base_ps7_0_0/base_ps7_0_0_in_context.xdc, line 172).
Applied set_property CLOCK_BUFFER_TYPE = NONE for FIXED_IO_mio[1]. (constraint file  d:/ESD/ESD_CP/PYNQ-image_v2.7/PYNQ-image_v2.7/boards/Pynq-Z2/base/reduced_version/reduced_version.gen/sources_1/bd/base/ip/base_ps7_0_0/base_ps7_0_0/base_ps7_0_0_in_context.xdc, line 173).
Applied set_property IO_BUFFER_TYPE = NONE for FIXED_IO_mio[20]. (constraint file  d:/ESD/ESD_CP/PYNQ-image_v2.7/PYNQ-image_v2.7/boards/Pynq-Z2/base/reduced_version/reduced_version.gen/sources_1/bd/base/ip/base_ps7_0_0/base_ps7_0_0/base_ps7_0_0_in_context.xdc, line 174).
Applied set_property CLOCK_BUFFER_TYPE = NONE for FIXED_IO_mio[20]. (constraint file  d:/ESD/ESD_CP/PYNQ-image_v2.7/PYNQ-image_v2.7/boards/Pynq-Z2/base/reduced_version/reduced_version.gen/sources_1/bd/base/ip/base_ps7_0_0/base_ps7_0_0/base_ps7_0_0_in_context.xdc, line 175).
Applied set_property IO_BUFFER_TYPE = NONE for FIXED_IO_mio[21]. (constraint file  d:/ESD/ESD_CP/PYNQ-image_v2.7/PYNQ-image_v2.7/boards/Pynq-Z2/base/reduced_version/reduced_version.gen/sources_1/bd/base/ip/base_ps7_0_0/base_ps7_0_0/base_ps7_0_0_in_context.xdc, line 176).
Applied set_property CLOCK_BUFFER_TYPE = NONE for FIXED_IO_mio[21]. (constraint file  d:/ESD/ESD_CP/PYNQ-image_v2.7/PYNQ-image_v2.7/boards/Pynq-Z2/base/reduced_version/reduced_version.gen/sources_1/bd/base/ip/base_ps7_0_0/base_ps7_0_0/base_ps7_0_0_in_context.xdc, line 177).
Applied set_property IO_BUFFER_TYPE = NONE for FIXED_IO_mio[22]. (constraint file  d:/ESD/ESD_CP/PYNQ-image_v2.7/PYNQ-image_v2.7/boards/Pynq-Z2/base/reduced_version/reduced_version.gen/sources_1/bd/base/ip/base_ps7_0_0/base_ps7_0_0/base_ps7_0_0_in_context.xdc, line 178).
Applied set_property CLOCK_BUFFER_TYPE = NONE for FIXED_IO_mio[22]. (constraint file  d:/ESD/ESD_CP/PYNQ-image_v2.7/PYNQ-image_v2.7/boards/Pynq-Z2/base/reduced_version/reduced_version.gen/sources_1/bd/base/ip/base_ps7_0_0/base_ps7_0_0/base_ps7_0_0_in_context.xdc, line 179).
Applied set_property IO_BUFFER_TYPE = NONE for FIXED_IO_mio[23]. (constraint file  d:/ESD/ESD_CP/PYNQ-image_v2.7/PYNQ-image_v2.7/boards/Pynq-Z2/base/reduced_version/reduced_version.gen/sources_1/bd/base/ip/base_ps7_0_0/base_ps7_0_0/base_ps7_0_0_in_context.xdc, line 180).
Applied set_property CLOCK_BUFFER_TYPE = NONE for FIXED_IO_mio[23]. (constraint file  d:/ESD/ESD_CP/PYNQ-image_v2.7/PYNQ-image_v2.7/boards/Pynq-Z2/base/reduced_version/reduced_version.gen/sources_1/bd/base/ip/base_ps7_0_0/base_ps7_0_0/base_ps7_0_0_in_context.xdc, line 181).
Applied set_property IO_BUFFER_TYPE = NONE for FIXED_IO_mio[24]. (constraint file  d:/ESD/ESD_CP/PYNQ-image_v2.7/PYNQ-image_v2.7/boards/Pynq-Z2/base/reduced_version/reduced_version.gen/sources_1/bd/base/ip/base_ps7_0_0/base_ps7_0_0/base_ps7_0_0_in_context.xdc, line 182).
Applied set_property CLOCK_BUFFER_TYPE = NONE for FIXED_IO_mio[24]. (constraint file  d:/ESD/ESD_CP/PYNQ-image_v2.7/PYNQ-image_v2.7/boards/Pynq-Z2/base/reduced_version/reduced_version.gen/sources_1/bd/base/ip/base_ps7_0_0/base_ps7_0_0/base_ps7_0_0_in_context.xdc, line 183).
Applied set_property IO_BUFFER_TYPE = NONE for FIXED_IO_mio[25]. (constraint file  d:/ESD/ESD_CP/PYNQ-image_v2.7/PYNQ-image_v2.7/boards/Pynq-Z2/base/reduced_version/reduced_version.gen/sources_1/bd/base/ip/base_ps7_0_0/base_ps7_0_0/base_ps7_0_0_in_context.xdc, line 184).
Applied set_property CLOCK_BUFFER_TYPE = NONE for FIXED_IO_mio[25]. (constraint file  d:/ESD/ESD_CP/PYNQ-image_v2.7/PYNQ-image_v2.7/boards/Pynq-Z2/base/reduced_version/reduced_version.gen/sources_1/bd/base/ip/base_ps7_0_0/base_ps7_0_0/base_ps7_0_0_in_context.xdc, line 185).
Applied set_property IO_BUFFER_TYPE = NONE for FIXED_IO_mio[26]. (constraint file  d:/ESD/ESD_CP/PYNQ-image_v2.7/PYNQ-image_v2.7/boards/Pynq-Z2/base/reduced_version/reduced_version.gen/sources_1/bd/base/ip/base_ps7_0_0/base_ps7_0_0/base_ps7_0_0_in_context.xdc, line 186).
Applied set_property CLOCK_BUFFER_TYPE = NONE for FIXED_IO_mio[26]. (constraint file  d:/ESD/ESD_CP/PYNQ-image_v2.7/PYNQ-image_v2.7/boards/Pynq-Z2/base/reduced_version/reduced_version.gen/sources_1/bd/base/ip/base_ps7_0_0/base_ps7_0_0/base_ps7_0_0_in_context.xdc, line 187).
Applied set_property IO_BUFFER_TYPE = NONE for FIXED_IO_mio[27]. (constraint file  d:/ESD/ESD_CP/PYNQ-image_v2.7/PYNQ-image_v2.7/boards/Pynq-Z2/base/reduced_version/reduced_version.gen/sources_1/bd/base/ip/base_ps7_0_0/base_ps7_0_0/base_ps7_0_0_in_context.xdc, line 188).
Applied set_property CLOCK_BUFFER_TYPE = NONE for FIXED_IO_mio[27]. (constraint file  d:/ESD/ESD_CP/PYNQ-image_v2.7/PYNQ-image_v2.7/boards/Pynq-Z2/base/reduced_version/reduced_version.gen/sources_1/bd/base/ip/base_ps7_0_0/base_ps7_0_0/base_ps7_0_0_in_context.xdc, line 189).
Applied set_property IO_BUFFER_TYPE = NONE for FIXED_IO_mio[28]. (constraint file  d:/ESD/ESD_CP/PYNQ-image_v2.7/PYNQ-image_v2.7/boards/Pynq-Z2/base/reduced_version/reduced_version.gen/sources_1/bd/base/ip/base_ps7_0_0/base_ps7_0_0/base_ps7_0_0_in_context.xdc, line 190).
Applied set_property CLOCK_BUFFER_TYPE = NONE for FIXED_IO_mio[28]. (constraint file  d:/ESD/ESD_CP/PYNQ-image_v2.7/PYNQ-image_v2.7/boards/Pynq-Z2/base/reduced_version/reduced_version.gen/sources_1/bd/base/ip/base_ps7_0_0/base_ps7_0_0/base_ps7_0_0_in_context.xdc, line 191).
Applied set_property IO_BUFFER_TYPE = NONE for FIXED_IO_mio[29]. (constraint file  d:/ESD/ESD_CP/PYNQ-image_v2.7/PYNQ-image_v2.7/boards/Pynq-Z2/base/reduced_version/reduced_version.gen/sources_1/bd/base/ip/base_ps7_0_0/base_ps7_0_0/base_ps7_0_0_in_context.xdc, line 192).
Applied set_property CLOCK_BUFFER_TYPE = NONE for FIXED_IO_mio[29]. (constraint file  d:/ESD/ESD_CP/PYNQ-image_v2.7/PYNQ-image_v2.7/boards/Pynq-Z2/base/reduced_version/reduced_version.gen/sources_1/bd/base/ip/base_ps7_0_0/base_ps7_0_0/base_ps7_0_0_in_context.xdc, line 193).
Applied set_property IO_BUFFER_TYPE = NONE for FIXED_IO_mio[2]. (constraint file  d:/ESD/ESD_CP/PYNQ-image_v2.7/PYNQ-image_v2.7/boards/Pynq-Z2/base/reduced_version/reduced_version.gen/sources_1/bd/base/ip/base_ps7_0_0/base_ps7_0_0/base_ps7_0_0_in_context.xdc, line 194).
Applied set_property CLOCK_BUFFER_TYPE = NONE for FIXED_IO_mio[2]. (constraint file  d:/ESD/ESD_CP/PYNQ-image_v2.7/PYNQ-image_v2.7/boards/Pynq-Z2/base/reduced_version/reduced_version.gen/sources_1/bd/base/ip/base_ps7_0_0/base_ps7_0_0/base_ps7_0_0_in_context.xdc, line 195).
Applied set_property IO_BUFFER_TYPE = NONE for FIXED_IO_mio[30]. (constraint file  d:/ESD/ESD_CP/PYNQ-image_v2.7/PYNQ-image_v2.7/boards/Pynq-Z2/base/reduced_version/reduced_version.gen/sources_1/bd/base/ip/base_ps7_0_0/base_ps7_0_0/base_ps7_0_0_in_context.xdc, line 196).
Applied set_property CLOCK_BUFFER_TYPE = NONE for FIXED_IO_mio[30]. (constraint file  d:/ESD/ESD_CP/PYNQ-image_v2.7/PYNQ-image_v2.7/boards/Pynq-Z2/base/reduced_version/reduced_version.gen/sources_1/bd/base/ip/base_ps7_0_0/base_ps7_0_0/base_ps7_0_0_in_context.xdc, line 197).
Applied set_property IO_BUFFER_TYPE = NONE for FIXED_IO_mio[31]. (constraint file  d:/ESD/ESD_CP/PYNQ-image_v2.7/PYNQ-image_v2.7/boards/Pynq-Z2/base/reduced_version/reduced_version.gen/sources_1/bd/base/ip/base_ps7_0_0/base_ps7_0_0/base_ps7_0_0_in_context.xdc, line 198).
Applied set_property CLOCK_BUFFER_TYPE = NONE for FIXED_IO_mio[31]. (constraint file  d:/ESD/ESD_CP/PYNQ-image_v2.7/PYNQ-image_v2.7/boards/Pynq-Z2/base/reduced_version/reduced_version.gen/sources_1/bd/base/ip/base_ps7_0_0/base_ps7_0_0/base_ps7_0_0_in_context.xdc, line 199).
Applied set_property IO_BUFFER_TYPE = NONE for FIXED_IO_mio[32]. (constraint file  d:/ESD/ESD_CP/PYNQ-image_v2.7/PYNQ-image_v2.7/boards/Pynq-Z2/base/reduced_version/reduced_version.gen/sources_1/bd/base/ip/base_ps7_0_0/base_ps7_0_0/base_ps7_0_0_in_context.xdc, line 200).
Applied set_property CLOCK_BUFFER_TYPE = NONE for FIXED_IO_mio[32]. (constraint file  d:/ESD/ESD_CP/PYNQ-image_v2.7/PYNQ-image_v2.7/boards/Pynq-Z2/base/reduced_version/reduced_version.gen/sources_1/bd/base/ip/base_ps7_0_0/base_ps7_0_0/base_ps7_0_0_in_context.xdc, line 201).
Applied set_property IO_BUFFER_TYPE = NONE for FIXED_IO_mio[33]. (constraint file  d:/ESD/ESD_CP/PYNQ-image_v2.7/PYNQ-image_v2.7/boards/Pynq-Z2/base/reduced_version/reduced_version.gen/sources_1/bd/base/ip/base_ps7_0_0/base_ps7_0_0/base_ps7_0_0_in_context.xdc, line 202).
Applied set_property CLOCK_BUFFER_TYPE = NONE for FIXED_IO_mio[33]. (constraint file  d:/ESD/ESD_CP/PYNQ-image_v2.7/PYNQ-image_v2.7/boards/Pynq-Z2/base/reduced_version/reduced_version.gen/sources_1/bd/base/ip/base_ps7_0_0/base_ps7_0_0/base_ps7_0_0_in_context.xdc, line 203).
Applied set_property IO_BUFFER_TYPE = NONE for FIXED_IO_mio[34]. (constraint file  d:/ESD/ESD_CP/PYNQ-image_v2.7/PYNQ-image_v2.7/boards/Pynq-Z2/base/reduced_version/reduced_version.gen/sources_1/bd/base/ip/base_ps7_0_0/base_ps7_0_0/base_ps7_0_0_in_context.xdc, line 204).
Applied set_property CLOCK_BUFFER_TYPE = NONE for FIXED_IO_mio[34]. (constraint file  d:/ESD/ESD_CP/PYNQ-image_v2.7/PYNQ-image_v2.7/boards/Pynq-Z2/base/reduced_version/reduced_version.gen/sources_1/bd/base/ip/base_ps7_0_0/base_ps7_0_0/base_ps7_0_0_in_context.xdc, line 205).
Applied set_property IO_BUFFER_TYPE = NONE for FIXED_IO_mio[35]. (constraint file  d:/ESD/ESD_CP/PYNQ-image_v2.7/PYNQ-image_v2.7/boards/Pynq-Z2/base/reduced_version/reduced_version.gen/sources_1/bd/base/ip/base_ps7_0_0/base_ps7_0_0/base_ps7_0_0_in_context.xdc, line 206).
Applied set_property CLOCK_BUFFER_TYPE = NONE for FIXED_IO_mio[35]. (constraint file  d:/ESD/ESD_CP/PYNQ-image_v2.7/PYNQ-image_v2.7/boards/Pynq-Z2/base/reduced_version/reduced_version.gen/sources_1/bd/base/ip/base_ps7_0_0/base_ps7_0_0/base_ps7_0_0_in_context.xdc, line 207).
Applied set_property IO_BUFFER_TYPE = NONE for FIXED_IO_mio[36]. (constraint file  d:/ESD/ESD_CP/PYNQ-image_v2.7/PYNQ-image_v2.7/boards/Pynq-Z2/base/reduced_version/reduced_version.gen/sources_1/bd/base/ip/base_ps7_0_0/base_ps7_0_0/base_ps7_0_0_in_context.xdc, line 208).
Applied set_property CLOCK_BUFFER_TYPE = NONE for FIXED_IO_mio[36]. (constraint file  d:/ESD/ESD_CP/PYNQ-image_v2.7/PYNQ-image_v2.7/boards/Pynq-Z2/base/reduced_version/reduced_version.gen/sources_1/bd/base/ip/base_ps7_0_0/base_ps7_0_0/base_ps7_0_0_in_context.xdc, line 209).
Applied set_property IO_BUFFER_TYPE = NONE for FIXED_IO_mio[37]. (constraint file  d:/ESD/ESD_CP/PYNQ-image_v2.7/PYNQ-image_v2.7/boards/Pynq-Z2/base/reduced_version/reduced_version.gen/sources_1/bd/base/ip/base_ps7_0_0/base_ps7_0_0/base_ps7_0_0_in_context.xdc, line 210).
Applied set_property CLOCK_BUFFER_TYPE = NONE for FIXED_IO_mio[37]. (constraint file  d:/ESD/ESD_CP/PYNQ-image_v2.7/PYNQ-image_v2.7/boards/Pynq-Z2/base/reduced_version/reduced_version.gen/sources_1/bd/base/ip/base_ps7_0_0/base_ps7_0_0/base_ps7_0_0_in_context.xdc, line 211).
Applied set_property IO_BUFFER_TYPE = NONE for FIXED_IO_mio[38]. (constraint file  d:/ESD/ESD_CP/PYNQ-image_v2.7/PYNQ-image_v2.7/boards/Pynq-Z2/base/reduced_version/reduced_version.gen/sources_1/bd/base/ip/base_ps7_0_0/base_ps7_0_0/base_ps7_0_0_in_context.xdc, line 212).
Applied set_property CLOCK_BUFFER_TYPE = NONE for FIXED_IO_mio[38]. (constraint file  d:/ESD/ESD_CP/PYNQ-image_v2.7/PYNQ-image_v2.7/boards/Pynq-Z2/base/reduced_version/reduced_version.gen/sources_1/bd/base/ip/base_ps7_0_0/base_ps7_0_0/base_ps7_0_0_in_context.xdc, line 213).
Applied set_property IO_BUFFER_TYPE = NONE for FIXED_IO_mio[39]. (constraint file  d:/ESD/ESD_CP/PYNQ-image_v2.7/PYNQ-image_v2.7/boards/Pynq-Z2/base/reduced_version/reduced_version.gen/sources_1/bd/base/ip/base_ps7_0_0/base_ps7_0_0/base_ps7_0_0_in_context.xdc, line 214).
Applied set_property CLOCK_BUFFER_TYPE = NONE for FIXED_IO_mio[39]. (constraint file  d:/ESD/ESD_CP/PYNQ-image_v2.7/PYNQ-image_v2.7/boards/Pynq-Z2/base/reduced_version/reduced_version.gen/sources_1/bd/base/ip/base_ps7_0_0/base_ps7_0_0/base_ps7_0_0_in_context.xdc, line 215).
Applied set_property IO_BUFFER_TYPE = NONE for FIXED_IO_mio[3]. (constraint file  d:/ESD/ESD_CP/PYNQ-image_v2.7/PYNQ-image_v2.7/boards/Pynq-Z2/base/reduced_version/reduced_version.gen/sources_1/bd/base/ip/base_ps7_0_0/base_ps7_0_0/base_ps7_0_0_in_context.xdc, line 216).
Applied set_property CLOCK_BUFFER_TYPE = NONE for FIXED_IO_mio[3]. (constraint file  d:/ESD/ESD_CP/PYNQ-image_v2.7/PYNQ-image_v2.7/boards/Pynq-Z2/base/reduced_version/reduced_version.gen/sources_1/bd/base/ip/base_ps7_0_0/base_ps7_0_0/base_ps7_0_0_in_context.xdc, line 217).
Applied set_property IO_BUFFER_TYPE = NONE for FIXED_IO_mio[40]. (constraint file  d:/ESD/ESD_CP/PYNQ-image_v2.7/PYNQ-image_v2.7/boards/Pynq-Z2/base/reduced_version/reduced_version.gen/sources_1/bd/base/ip/base_ps7_0_0/base_ps7_0_0/base_ps7_0_0_in_context.xdc, line 218).
Applied set_property CLOCK_BUFFER_TYPE = NONE for FIXED_IO_mio[40]. (constraint file  d:/ESD/ESD_CP/PYNQ-image_v2.7/PYNQ-image_v2.7/boards/Pynq-Z2/base/reduced_version/reduced_version.gen/sources_1/bd/base/ip/base_ps7_0_0/base_ps7_0_0/base_ps7_0_0_in_context.xdc, line 219).
Applied set_property IO_BUFFER_TYPE = NONE for FIXED_IO_mio[41]. (constraint file  d:/ESD/ESD_CP/PYNQ-image_v2.7/PYNQ-image_v2.7/boards/Pynq-Z2/base/reduced_version/reduced_version.gen/sources_1/bd/base/ip/base_ps7_0_0/base_ps7_0_0/base_ps7_0_0_in_context.xdc, line 220).
Applied set_property CLOCK_BUFFER_TYPE = NONE for FIXED_IO_mio[41]. (constraint file  d:/ESD/ESD_CP/PYNQ-image_v2.7/PYNQ-image_v2.7/boards/Pynq-Z2/base/reduced_version/reduced_version.gen/sources_1/bd/base/ip/base_ps7_0_0/base_ps7_0_0/base_ps7_0_0_in_context.xdc, line 221).
Applied set_property IO_BUFFER_TYPE = NONE for FIXED_IO_mio[42]. (constraint file  d:/ESD/ESD_CP/PYNQ-image_v2.7/PYNQ-image_v2.7/boards/Pynq-Z2/base/reduced_version/reduced_version.gen/sources_1/bd/base/ip/base_ps7_0_0/base_ps7_0_0/base_ps7_0_0_in_context.xdc, line 222).
Applied set_property CLOCK_BUFFER_TYPE = NONE for FIXED_IO_mio[42]. (constraint file  d:/ESD/ESD_CP/PYNQ-image_v2.7/PYNQ-image_v2.7/boards/Pynq-Z2/base/reduced_version/reduced_version.gen/sources_1/bd/base/ip/base_ps7_0_0/base_ps7_0_0/base_ps7_0_0_in_context.xdc, line 223).
Applied set_property IO_BUFFER_TYPE = NONE for FIXED_IO_mio[43]. (constraint file  d:/ESD/ESD_CP/PYNQ-image_v2.7/PYNQ-image_v2.7/boards/Pynq-Z2/base/reduced_version/reduced_version.gen/sources_1/bd/base/ip/base_ps7_0_0/base_ps7_0_0/base_ps7_0_0_in_context.xdc, line 224).
Applied set_property CLOCK_BUFFER_TYPE = NONE for FIXED_IO_mio[43]. (constraint file  d:/ESD/ESD_CP/PYNQ-image_v2.7/PYNQ-image_v2.7/boards/Pynq-Z2/base/reduced_version/reduced_version.gen/sources_1/bd/base/ip/base_ps7_0_0/base_ps7_0_0/base_ps7_0_0_in_context.xdc, line 225).
Applied set_property IO_BUFFER_TYPE = NONE for FIXED_IO_mio[44]. (constraint file  d:/ESD/ESD_CP/PYNQ-image_v2.7/PYNQ-image_v2.7/boards/Pynq-Z2/base/reduced_version/reduced_version.gen/sources_1/bd/base/ip/base_ps7_0_0/base_ps7_0_0/base_ps7_0_0_in_context.xdc, line 226).
Applied set_property CLOCK_BUFFER_TYPE = NONE for FIXED_IO_mio[44]. (constraint file  d:/ESD/ESD_CP/PYNQ-image_v2.7/PYNQ-image_v2.7/boards/Pynq-Z2/base/reduced_version/reduced_version.gen/sources_1/bd/base/ip/base_ps7_0_0/base_ps7_0_0/base_ps7_0_0_in_context.xdc, line 227).
Applied set_property IO_BUFFER_TYPE = NONE for FIXED_IO_mio[45]. (constraint file  d:/ESD/ESD_CP/PYNQ-image_v2.7/PYNQ-image_v2.7/boards/Pynq-Z2/base/reduced_version/reduced_version.gen/sources_1/bd/base/ip/base_ps7_0_0/base_ps7_0_0/base_ps7_0_0_in_context.xdc, line 228).
Applied set_property CLOCK_BUFFER_TYPE = NONE for FIXED_IO_mio[45]. (constraint file  d:/ESD/ESD_CP/PYNQ-image_v2.7/PYNQ-image_v2.7/boards/Pynq-Z2/base/reduced_version/reduced_version.gen/sources_1/bd/base/ip/base_ps7_0_0/base_ps7_0_0/base_ps7_0_0_in_context.xdc, line 229).
Applied set_property IO_BUFFER_TYPE = NONE for FIXED_IO_mio[46]. (constraint file  d:/ESD/ESD_CP/PYNQ-image_v2.7/PYNQ-image_v2.7/boards/Pynq-Z2/base/reduced_version/reduced_version.gen/sources_1/bd/base/ip/base_ps7_0_0/base_ps7_0_0/base_ps7_0_0_in_context.xdc, line 230).
Applied set_property CLOCK_BUFFER_TYPE = NONE for FIXED_IO_mio[46]. (constraint file  d:/ESD/ESD_CP/PYNQ-image_v2.7/PYNQ-image_v2.7/boards/Pynq-Z2/base/reduced_version/reduced_version.gen/sources_1/bd/base/ip/base_ps7_0_0/base_ps7_0_0/base_ps7_0_0_in_context.xdc, line 231).
Applied set_property IO_BUFFER_TYPE = NONE for FIXED_IO_mio[47]. (constraint file  d:/ESD/ESD_CP/PYNQ-image_v2.7/PYNQ-image_v2.7/boards/Pynq-Z2/base/reduced_version/reduced_version.gen/sources_1/bd/base/ip/base_ps7_0_0/base_ps7_0_0/base_ps7_0_0_in_context.xdc, line 232).
Applied set_property CLOCK_BUFFER_TYPE = NONE for FIXED_IO_mio[47]. (constraint file  d:/ESD/ESD_CP/PYNQ-image_v2.7/PYNQ-image_v2.7/boards/Pynq-Z2/base/reduced_version/reduced_version.gen/sources_1/bd/base/ip/base_ps7_0_0/base_ps7_0_0/base_ps7_0_0_in_context.xdc, line 233).
Applied set_property IO_BUFFER_TYPE = NONE for FIXED_IO_mio[48]. (constraint file  d:/ESD/ESD_CP/PYNQ-image_v2.7/PYNQ-image_v2.7/boards/Pynq-Z2/base/reduced_version/reduced_version.gen/sources_1/bd/base/ip/base_ps7_0_0/base_ps7_0_0/base_ps7_0_0_in_context.xdc, line 234).
Applied set_property CLOCK_BUFFER_TYPE = NONE for FIXED_IO_mio[48]. (constraint file  d:/ESD/ESD_CP/PYNQ-image_v2.7/PYNQ-image_v2.7/boards/Pynq-Z2/base/reduced_version/reduced_version.gen/sources_1/bd/base/ip/base_ps7_0_0/base_ps7_0_0/base_ps7_0_0_in_context.xdc, line 235).
Applied set_property IO_BUFFER_TYPE = NONE for FIXED_IO_mio[49]. (constraint file  d:/ESD/ESD_CP/PYNQ-image_v2.7/PYNQ-image_v2.7/boards/Pynq-Z2/base/reduced_version/reduced_version.gen/sources_1/bd/base/ip/base_ps7_0_0/base_ps7_0_0/base_ps7_0_0_in_context.xdc, line 236).
Applied set_property CLOCK_BUFFER_TYPE = NONE for FIXED_IO_mio[49]. (constraint file  d:/ESD/ESD_CP/PYNQ-image_v2.7/PYNQ-image_v2.7/boards/Pynq-Z2/base/reduced_version/reduced_version.gen/sources_1/bd/base/ip/base_ps7_0_0/base_ps7_0_0/base_ps7_0_0_in_context.xdc, line 237).
Applied set_property IO_BUFFER_TYPE = NONE for FIXED_IO_mio[4]. (constraint file  d:/ESD/ESD_CP/PYNQ-image_v2.7/PYNQ-image_v2.7/boards/Pynq-Z2/base/reduced_version/reduced_version.gen/sources_1/bd/base/ip/base_ps7_0_0/base_ps7_0_0/base_ps7_0_0_in_context.xdc, line 238).
Applied set_property CLOCK_BUFFER_TYPE = NONE for FIXED_IO_mio[4]. (constraint file  d:/ESD/ESD_CP/PYNQ-image_v2.7/PYNQ-image_v2.7/boards/Pynq-Z2/base/reduced_version/reduced_version.gen/sources_1/bd/base/ip/base_ps7_0_0/base_ps7_0_0/base_ps7_0_0_in_context.xdc, line 239).
Applied set_property IO_BUFFER_TYPE = NONE for FIXED_IO_mio[50]. (constraint file  d:/ESD/ESD_CP/PYNQ-image_v2.7/PYNQ-image_v2.7/boards/Pynq-Z2/base/reduced_version/reduced_version.gen/sources_1/bd/base/ip/base_ps7_0_0/base_ps7_0_0/base_ps7_0_0_in_context.xdc, line 240).
Applied set_property CLOCK_BUFFER_TYPE = NONE for FIXED_IO_mio[50]. (constraint file  d:/ESD/ESD_CP/PYNQ-image_v2.7/PYNQ-image_v2.7/boards/Pynq-Z2/base/reduced_version/reduced_version.gen/sources_1/bd/base/ip/base_ps7_0_0/base_ps7_0_0/base_ps7_0_0_in_context.xdc, line 241).
Applied set_property IO_BUFFER_TYPE = NONE for FIXED_IO_mio[51]. (constraint file  d:/ESD/ESD_CP/PYNQ-image_v2.7/PYNQ-image_v2.7/boards/Pynq-Z2/base/reduced_version/reduced_version.gen/sources_1/bd/base/ip/base_ps7_0_0/base_ps7_0_0/base_ps7_0_0_in_context.xdc, line 242).
Applied set_property CLOCK_BUFFER_TYPE = NONE for FIXED_IO_mio[51]. (constraint file  d:/ESD/ESD_CP/PYNQ-image_v2.7/PYNQ-image_v2.7/boards/Pynq-Z2/base/reduced_version/reduced_version.gen/sources_1/bd/base/ip/base_ps7_0_0/base_ps7_0_0/base_ps7_0_0_in_context.xdc, line 243).
Applied set_property IO_BUFFER_TYPE = NONE for FIXED_IO_mio[52]. (constraint file  d:/ESD/ESD_CP/PYNQ-image_v2.7/PYNQ-image_v2.7/boards/Pynq-Z2/base/reduced_version/reduced_version.gen/sources_1/bd/base/ip/base_ps7_0_0/base_ps7_0_0/base_ps7_0_0_in_context.xdc, line 244).
Applied set_property CLOCK_BUFFER_TYPE = NONE for FIXED_IO_mio[52]. (constraint file  d:/ESD/ESD_CP/PYNQ-image_v2.7/PYNQ-image_v2.7/boards/Pynq-Z2/base/reduced_version/reduced_version.gen/sources_1/bd/base/ip/base_ps7_0_0/base_ps7_0_0/base_ps7_0_0_in_context.xdc, line 245).
Applied set_property IO_BUFFER_TYPE = NONE for FIXED_IO_mio[53]. (constraint file  d:/ESD/ESD_CP/PYNQ-image_v2.7/PYNQ-image_v2.7/boards/Pynq-Z2/base/reduced_version/reduced_version.gen/sources_1/bd/base/ip/base_ps7_0_0/base_ps7_0_0/base_ps7_0_0_in_context.xdc, line 246).
Applied set_property CLOCK_BUFFER_TYPE = NONE for FIXED_IO_mio[53]. (constraint file  d:/ESD/ESD_CP/PYNQ-image_v2.7/PYNQ-image_v2.7/boards/Pynq-Z2/base/reduced_version/reduced_version.gen/sources_1/bd/base/ip/base_ps7_0_0/base_ps7_0_0/base_ps7_0_0_in_context.xdc, line 247).
Applied set_property IO_BUFFER_TYPE = NONE for FIXED_IO_mio[5]. (constraint file  d:/ESD/ESD_CP/PYNQ-image_v2.7/PYNQ-image_v2.7/boards/Pynq-Z2/base/reduced_version/reduced_version.gen/sources_1/bd/base/ip/base_ps7_0_0/base_ps7_0_0/base_ps7_0_0_in_context.xdc, line 248).
Applied set_property CLOCK_BUFFER_TYPE = NONE for FIXED_IO_mio[5]. (constraint file  d:/ESD/ESD_CP/PYNQ-image_v2.7/PYNQ-image_v2.7/boards/Pynq-Z2/base/reduced_version/reduced_version.gen/sources_1/bd/base/ip/base_ps7_0_0/base_ps7_0_0/base_ps7_0_0_in_context.xdc, line 249).
Applied set_property IO_BUFFER_TYPE = NONE for FIXED_IO_mio[6]. (constraint file  d:/ESD/ESD_CP/PYNQ-image_v2.7/PYNQ-image_v2.7/boards/Pynq-Z2/base/reduced_version/reduced_version.gen/sources_1/bd/base/ip/base_ps7_0_0/base_ps7_0_0/base_ps7_0_0_in_context.xdc, line 250).
Applied set_property CLOCK_BUFFER_TYPE = NONE for FIXED_IO_mio[6]. (constraint file  d:/ESD/ESD_CP/PYNQ-image_v2.7/PYNQ-image_v2.7/boards/Pynq-Z2/base/reduced_version/reduced_version.gen/sources_1/bd/base/ip/base_ps7_0_0/base_ps7_0_0/base_ps7_0_0_in_context.xdc, line 251).
Applied set_property IO_BUFFER_TYPE = NONE for FIXED_IO_mio[7]. (constraint file  d:/ESD/ESD_CP/PYNQ-image_v2.7/PYNQ-image_v2.7/boards/Pynq-Z2/base/reduced_version/reduced_version.gen/sources_1/bd/base/ip/base_ps7_0_0/base_ps7_0_0/base_ps7_0_0_in_context.xdc, line 252).
Applied set_property CLOCK_BUFFER_TYPE = NONE for FIXED_IO_mio[7]. (constraint file  d:/ESD/ESD_CP/PYNQ-image_v2.7/PYNQ-image_v2.7/boards/Pynq-Z2/base/reduced_version/reduced_version.gen/sources_1/bd/base/ip/base_ps7_0_0/base_ps7_0_0/base_ps7_0_0_in_context.xdc, line 253).
Applied set_property IO_BUFFER_TYPE = NONE for FIXED_IO_mio[8]. (constraint file  d:/ESD/ESD_CP/PYNQ-image_v2.7/PYNQ-image_v2.7/boards/Pynq-Z2/base/reduced_version/reduced_version.gen/sources_1/bd/base/ip/base_ps7_0_0/base_ps7_0_0/base_ps7_0_0_in_context.xdc, line 254).
Applied set_property CLOCK_BUFFER_TYPE = NONE for FIXED_IO_mio[8]. (constraint file  d:/ESD/ESD_CP/PYNQ-image_v2.7/PYNQ-image_v2.7/boards/Pynq-Z2/base/reduced_version/reduced_version.gen/sources_1/bd/base/ip/base_ps7_0_0/base_ps7_0_0/base_ps7_0_0_in_context.xdc, line 255).
Applied set_property IO_BUFFER_TYPE = NONE for FIXED_IO_mio[9]. (constraint file  d:/ESD/ESD_CP/PYNQ-image_v2.7/PYNQ-image_v2.7/boards/Pynq-Z2/base/reduced_version/reduced_version.gen/sources_1/bd/base/ip/base_ps7_0_0/base_ps7_0_0/base_ps7_0_0_in_context.xdc, line 256).
Applied set_property CLOCK_BUFFER_TYPE = NONE for FIXED_IO_mio[9]. (constraint file  d:/ESD/ESD_CP/PYNQ-image_v2.7/PYNQ-image_v2.7/boards/Pynq-Z2/base/reduced_version/reduced_version.gen/sources_1/bd/base/ip/base_ps7_0_0/base_ps7_0_0/base_ps7_0_0_in_context.xdc, line 257).
Applied set_property IO_BUFFER_TYPE = NONE for FIXED_IO_ps_clk. (constraint file  d:/ESD/ESD_CP/PYNQ-image_v2.7/PYNQ-image_v2.7/boards/Pynq-Z2/base/reduced_version/reduced_version.gen/sources_1/bd/base/ip/base_ps7_0_0/base_ps7_0_0/base_ps7_0_0_in_context.xdc, line 258).
Applied set_property CLOCK_BUFFER_TYPE = NONE for FIXED_IO_ps_clk. (constraint file  d:/ESD/ESD_CP/PYNQ-image_v2.7/PYNQ-image_v2.7/boards/Pynq-Z2/base/reduced_version/reduced_version.gen/sources_1/bd/base/ip/base_ps7_0_0/base_ps7_0_0/base_ps7_0_0_in_context.xdc, line 259).
Applied set_property IO_BUFFER_TYPE = NONE for FIXED_IO_ps_porb. (constraint file  d:/ESD/ESD_CP/PYNQ-image_v2.7/PYNQ-image_v2.7/boards/Pynq-Z2/base/reduced_version/reduced_version.gen/sources_1/bd/base/ip/base_ps7_0_0/base_ps7_0_0/base_ps7_0_0_in_context.xdc, line 260).
Applied set_property CLOCK_BUFFER_TYPE = NONE for FIXED_IO_ps_porb. (constraint file  d:/ESD/ESD_CP/PYNQ-image_v2.7/PYNQ-image_v2.7/boards/Pynq-Z2/base/reduced_version/reduced_version.gen/sources_1/bd/base/ip/base_ps7_0_0/base_ps7_0_0/base_ps7_0_0_in_context.xdc, line 261).
Applied set_property IO_BUFFER_TYPE = NONE for FIXED_IO_ps_srstb. (constraint file  d:/ESD/ESD_CP/PYNQ-image_v2.7/PYNQ-image_v2.7/boards/Pynq-Z2/base/reduced_version/reduced_version.gen/sources_1/bd/base/ip/base_ps7_0_0/base_ps7_0_0/base_ps7_0_0_in_context.xdc, line 262).
Applied set_property CLOCK_BUFFER_TYPE = NONE for FIXED_IO_ps_srstb. (constraint file  d:/ESD/ESD_CP/PYNQ-image_v2.7/PYNQ-image_v2.7/boards/Pynq-Z2/base/reduced_version/reduced_version.gen/sources_1/bd/base/ip/base_ps7_0_0/base_ps7_0_0/base_ps7_0_0_in_context.xdc, line 263).
Applied set_property KEEP_HIERARCHY = SOFT for base_i. (constraint file  auto generated constraint).
Applied set_property KEEP_HIERARCHY = SOFT for base_i/ps7_0_axi_periph/xbar. (constraint file  auto generated constraint).
Applied set_property KEEP_HIERARCHY = SOFT for base_i/ps7_0_axi_periph/s00_couplers/s00_regslice. (constraint file  auto generated constraint).
Applied set_property KEEP_HIERARCHY = SOFT for base_i/ps7_0_axi_periph/s00_couplers/auto_pc. (constraint file  auto generated constraint).
Applied set_property KEEP_HIERARCHY = SOFT for base_i/ps7_0_axi_periph/m00_couplers/m00_regslice. (constraint file  auto generated constraint).
Applied set_property KEEP_HIERARCHY = SOFT for base_i/ps7_0_axi_periph/m00_couplers/auto_pc. (constraint file  auto generated constraint).
Applied set_property KEEP_HIERARCHY = SOFT for base_i/ps7_0_axi_periph/m01_couplers/m01_regslice. (constraint file  auto generated constraint).
Applied set_property KEEP_HIERARCHY = SOFT for base_i/ps7_0_axi_periph. (constraint file  auto generated constraint).
Applied set_property KEEP_HIERARCHY = SOFT for base_i/system_interrupts. (constraint file  auto generated constraint).
Applied set_property KEEP_HIERARCHY = SOFT for base_i/video/axi_interconnect_0/xbar. (constraint file  auto generated constraint).
Applied set_property KEEP_HIERARCHY = SOFT for base_i/video/axi_interconnect_0/s00_couplers/s00_regslice. (constraint file  auto generated constraint).
Applied set_property KEEP_HIERARCHY = SOFT for base_i/video/axi_interconnect_0/s00_couplers/auto_pc. (constraint file  auto generated constraint).
Applied set_property KEEP_HIERARCHY = SOFT for base_i/video/axi_interconnect_0/m00_couplers/m00_regslice. (constraint file  auto generated constraint).
Applied set_property KEEP_HIERARCHY = SOFT for base_i/video/axi_interconnect_0/m01_couplers/m01_regslice. (constraint file  auto generated constraint).
Applied set_property KEEP_HIERARCHY = SOFT for base_i/video/axi_interconnect_0/m01_couplers/auto_cc. (constraint file  auto generated constraint).
Applied set_property KEEP_HIERARCHY = SOFT for base_i/video/axi_interconnect_0/m02_couplers/m02_regslice. (constraint file  auto generated constraint).
Applied set_property KEEP_HIERARCHY = SOFT for base_i/video/axi_interconnect_0/m02_couplers/auto_cc. (constraint file  auto generated constraint).
Applied set_property KEEP_HIERARCHY = SOFT for base_i/video/axi_interconnect_0/m03_couplers/m03_regslice. (constraint file  auto generated constraint).
Applied set_property KEEP_HIERARCHY = SOFT for base_i/video/axi_interconnect_0/m04_couplers/m04_regslice. (constraint file  auto generated constraint).
Applied set_property KEEP_HIERARCHY = SOFT for base_i/video/axi_interconnect_0/m05_couplers/m05_regslice. (constraint file  auto generated constraint).
Applied set_property KEEP_HIERARCHY = SOFT for base_i/video/axi_interconnect_0/m06_couplers/m06_regslice. (constraint file  auto generated constraint).
Applied set_property KEEP_HIERARCHY = SOFT for base_i/video/axi_interconnect_0/m06_couplers/auto_cc. (constraint file  auto generated constraint).
Applied set_property KEEP_HIERARCHY = SOFT for base_i/video/axi_interconnect_0/m07_couplers/m07_regslice. (constraint file  auto generated constraint).
Applied set_property KEEP_HIERARCHY = SOFT for base_i/video/axi_interconnect_0/m07_couplers/auto_cc. (constraint file  auto generated constraint).
Applied set_property KEEP_HIERARCHY = SOFT for base_i/video/axi_interconnect_0/m08_couplers/m08_regslice. (constraint file  auto generated constraint).
Applied set_property KEEP_HIERARCHY = SOFT for base_i/video/axi_interconnect_0/m09_couplers/m09_regslice. (constraint file  auto generated constraint).
Applied set_property KEEP_HIERARCHY = SOFT for base_i/video/axi_interconnect_0. (constraint file  auto generated constraint).
Applied set_property KEEP_HIERARCHY = SOFT for base_i/video/axi_mem_intercon/xbar. (constraint file  auto generated constraint).
Applied set_property KEEP_HIERARCHY = SOFT for base_i/video/axi_mem_intercon/s01_couplers/auto_us. (constraint file  auto generated constraint).
Applied set_property KEEP_HIERARCHY = SOFT for base_i/video/axi_mem_intercon/m00_couplers/auto_pc. (constraint file  auto generated constraint).
Applied set_property KEEP_HIERARCHY = SOFT for base_i/video/axi_mem_intercon. (constraint file  auto generated constraint).
Applied set_property KEEP_HIERARCHY = SOFT for base_i/video/axi_vdma. (constraint file  auto generated constraint).
Applied set_property KEEP_HIERARCHY = SOFT for base_i/video/hdmi_in/axis_register_slice_0. (constraint file  auto generated constraint).
Applied set_property KEEP_HIERARCHY = SOFT for base_i/video/hdmi_in/color_convert. (constraint file  auto generated constraint).
Applied set_property KEEP_HIERARCHY = SOFT for base_i/video/hdmi_in/frontend/color_swap_0. (constraint file  auto generated constraint).
Applied set_property KEEP_HIERARCHY = SOFT for base_i/video/hdmi_in/frontend/v_vid_in_axi4s_0. (constraint file  auto generated constraint).
Applied set_property KEEP_HIERARCHY = SOFT for base_i/video/hdmi_in/frontend/vtc_in. (constraint file  auto generated constraint).
Applied set_property KEEP_HIERARCHY = SOFT for base_i/video/hdmi_in/frontend/axi_gpio_hdmiin. (constraint file  auto generated constraint).
Applied set_property KEEP_HIERARCHY = SOFT for base_i/video/hdmi_in/frontend/dvi2rgb_0. (constraint file  auto generated constraint).
Applied set_property KEEP_HIERARCHY = SOFT for base_i/video/hdmi_in/pixel_pack. (constraint file  auto generated constraint).
Applied set_property KEEP_HIERARCHY = SOFT for base_i/video/hdmi_out/axis_register_slice_0. (constraint file  auto generated constraint).
Applied set_property KEEP_HIERARCHY = SOFT for base_i/video/hdmi_out/color_convert. (constraint file  auto generated constraint).
Applied set_property KEEP_HIERARCHY = SOFT for base_i/video/hdmi_out/frontend/axi_dynclk. (constraint file  auto generated constraint).
Applied set_property KEEP_HIERARCHY = SOFT for base_i/video/hdmi_out/frontend/color_swap_0. (constraint file  auto generated constraint).
Applied set_property KEEP_HIERARCHY = SOFT for base_i/video/hdmi_out/frontend/v_axi4s_vid_out_0. (constraint file  auto generated constraint).
Applied set_property KEEP_HIERARCHY = SOFT for base_i/video/hdmi_out/frontend/vtc_out. (constraint file  auto generated constraint).
Applied set_property KEEP_HIERARCHY = SOFT for base_i/video/hdmi_out/frontend/hdmi_out_hpd_video. (constraint file  auto generated constraint).
Applied set_property KEEP_HIERARCHY = SOFT for base_i/video/hdmi_out/frontend/rgb2dvi_0. (constraint file  auto generated constraint).
Applied set_property KEEP_HIERARCHY = SOFT for base_i/video/hdmi_out/pixel_unpack. (constraint file  auto generated constraint).
Applied set_property KEEP_HIERARCHY = SOFT for base_i/video/xlconcat_0. (constraint file  auto generated constraint).
Applied set_property KEEP_HIERARCHY = SOFT for base_i/video/proc_sys_reset_pixelclk. (constraint file  auto generated constraint).
Applied set_property KEEP_HIERARCHY = SOFT for base_i/ps7_0. (constraint file  auto generated constraint).
Applied set_property KEEP_HIERARCHY = SOFT for base_i/rst_ps7_0_fclk0. (constraint file  auto generated constraint).
Applied set_property KEEP_HIERARCHY = SOFT for base_i/rst_ps7_0_fclk1. (constraint file  auto generated constraint).
Applied set_property KEEP_HIERARCHY = SOFT for base_i/clk_wiz_0. (constraint file  auto generated constraint).
Applied set_property KEEP_HIERARCHY = SOFT for base_i/proc_sys_reset_0. (constraint file  auto generated constraint).
Applied set_property KEEP_HIERARCHY = SOFT for base_i/xadc_wiz_0. (constraint file  auto generated constraint).
Applied set_property KEEP_HIERARCHY = SOFT for base_i/axis_subset_converter_0. (constraint file  auto generated constraint).
Applied set_property KEEP_HIERARCHY = SOFT for base_i/axi_dma_0. (constraint file  auto generated constraint).
Applied set_property KEEP_HIERARCHY = SOFT for base_i/axi_interconnect_1/s00_couplers/auto_pc. (constraint file  auto generated constraint).
Applied set_property KEEP_HIERARCHY = SOFT for base_i/axi_interconnect_1/s00_couplers/auto_us. (constraint file  auto generated constraint).
Applied set_property KEEP_HIERARCHY = SOFT for base_i/axi_interconnect_1. (constraint file  auto generated constraint).
Applied set_property KEEP_HIERARCHY = SOFT for base_i/axi_interconnect_0/xbar. (constraint file  auto generated constraint).
Applied set_property KEEP_HIERARCHY = SOFT for base_i/axi_interconnect_0/s00_couplers/auto_pc. (constraint file  auto generated constraint).
Applied set_property KEEP_HIERARCHY = SOFT for base_i/axi_interconnect_0. (constraint file  auto generated constraint).
Applied set_property KEEP_HIERARCHY = SOFT for base_i/axi_intc_0. (constraint file  auto generated constraint).
Applied set_property KEEP_HIERARCHY = SOFT for base_i/xlconcat_0. (constraint file  auto generated constraint).
Finished applying 'set_property' XDC Constraints : Time (s): cpu = 00:00:04 ; elapsed = 00:00:10 . Memory (MB): peak = 1367.047 ; gain = 221.238
Finished RTL Optimization Phase 2 : Time (s): cpu = 00:00:04 ; elapsed = 00:00:10 . Memory (MB): peak = 1367.047 ; gain = 221.238
Finished Cross Boundary and Area Optimization : Time (s): cpu = 00:00:04 ; elapsed = 00:00:11 . Memory (MB): peak = 1367.047 ; gain = 221.238
Finished Applying XDC Timing Constraints : Time (s): cpu = 00:00:06 ; elapsed = 00:00:15 . Memory (MB): peak = 1380.664 ; gain = 234.855
Finished Timing Optimization : Time (s): cpu = 00:00:06 ; elapsed = 00:00:15 . Memory (MB): peak = 1382.953 ; gain = 237.145
Finished Technology Mapping : Time (s): cpu = 00:00:06 ; elapsed = 00:00:15 . Memory (MB): peak = 1402.855 ; gain = 257.047
Finished IO Insertion : Time (s): cpu = 00:00:07 ; elapsed = 00:00:17 . Memory (MB): peak = 1407.418 ; gain = 261.609
Finished Renaming Generated Instances : Time (s): cpu = 00:00:07 ; elapsed = 00:00:17 . Memory (MB): peak = 1407.418 ; gain = 261.609
Finished Rebuilding User Hierarchy : Time (s): cpu = 00:00:07 ; elapsed = 00:00:17 . Memory (MB): peak = 1407.418 ; gain = 261.609
Finished Renaming Generated Ports : Time (s): cpu = 00:00:07 ; elapsed = 00:00:17 . Memory (MB): peak = 1407.418 ; gain = 261.609
Finished Handling Custom Attributes : Time (s): cpu = 00:00:07 ; elapsed = 00:00:17 . Memory (MB): peak = 1407.418 ; gain = 261.609
Finished Renaming Generated Nets : Time (s): cpu = 00:00:07 ; elapsed = 00:00:17 . Memory (MB): peak = 1407.418 ; gain = 261.609

Report Cell Usage: 
+------+-----------------------------+------+
|      |Cell                         |Count |
+------+-----------------------------+------+
|1     |base_auto_cc                 |     4|
|5     |base_auto_pc                 |     6|
|11    |base_auto_us                 |     2|
|13    |base_axi_dma_0               |     1|
|14    |base_axi_dynclk              |     1|
|15    |base_axi_gpio_hdmiin         |     1|
|16    |base_axi_intc_0              |     1|
|17    |base_axi_vdma                |     1|
|18    |base_axis_register_slice_0   |     2|
|20    |base_axis_subset_converter_0 |     1|
|21    |base_clk_wiz_0               |     1|
|22    |base_color_convert           |     2|
|24    |base_color_swap_0            |     2|
|26    |base_dvi2rgb_0               |     1|
|27    |base_hdmi_out_hpd_video      |     1|
|28    |base_m00_regslice            |     2|
|30    |base_m01_regslice            |     2|
|32    |base_m02_regslice            |     1|
|33    |base_m03_regslice            |     1|
|34    |base_m04_regslice            |     1|
|35    |base_m05_regslice            |     1|
|36    |base_m06_regslice            |     1|
|37    |base_m07_regslice            |     1|
|38    |base_m08_regslice            |     1|
|39    |base_m09_regslice            |     1|
|40    |base_pixel_pack              |     1|
|41    |base_pixel_unpack            |     1|
|42    |base_proc_sys_reset_0        |     1|
|43    |base_proc_sys_reset_pixelclk |     1|
|44    |base_ps7_0                   |     1|
|45    |base_rgb2dvi_0               |     1|
|46    |base_rst_ps7_0_fclk0         |     1|
|47    |base_rst_ps7_0_fclk1         |     1|
|48    |base_s00_regslice            |     2|
|50    |base_system_interrupts       |     1|
|51    |base_v_axi4s_vid_out_0       |     1|
|52    |base_v_vid_in_axi4s_0        |     1|
|53    |base_vtc_in                  |     1|
|54    |base_vtc_out                 |     1|
|55    |base_xadc_wiz_0              |     1|
|56    |base_xbar                    |     4|
|60    |IBUF                         |     4|
|61    |IOBUF                        |     2|
|62    |OBUF                         |     2|
+------+-----------------------------+------+
Finished Writing Synthesis Report : Time (s): cpu = 00:00:07 ; elapsed = 00:00:17 . Memory (MB): peak = 1407.418 ; gain = 261.609
Netlist sorting complete. Time (s): cpu = 00:00:00 ; elapsed = 00:00:00.103 . Memory (MB): peak = 1407.418 ; gain = 0.000
Netlist sorting complete. Time (s): cpu = 00:00:00 ; elapsed = 00:00:00 . Memory (MB): peak = 1440.281 ; gain = 0.000
synth_design: Time (s): cpu = 00:00:08 ; elapsed = 00:00:22 . Memory (MB): peak = 1440.281 ; gain = 294.473
